FILE_LOG_PATTERN_IS_UNDEFINEDFILE_LOG_PATTERN_IS_UNDEFINEDFILE_LOG_PATTERN_IS_UNDEFINEDFILE_LOG_PATTERN_IS_UNDEFINEDFILE_LOG_PATTERN_IS_UNDEFINEDFILE_LOG_PATTERN_IS_UNDEFINEDFILE_LOG_PATTERN_IS_UNDEFINEDFILE_LOG_PATTERN_IS_UNDEFINEDFILE_LOG_PATTERN_IS_UNDEFINEDFILE_LOG_PATTERN_IS_UNDEFINEDFILE_LOG_PATTERN_IS_UNDEFINEDFILE_LOG_PATTERN_IS_UNDEFINEDFILE_LOG_PATTERN_IS_UNDEFINEDFILE_LOG_PATTERN_IS_UNDEFINEDFILE_LOG_PATTERN_IS_UNDEFINEDFILE_LOG_PATTERN_IS_UNDEFINEDFILE_LOG_PATTERN_IS_UNDEFINEDFILE_LOG_PATTERN_IS_UNDEFINEDFILE_LOG_PATTERN_IS_UNDEFINEDFILE_LOG_PATTERN_IS_UNDEFINEDFILE_LOG_PATTERN_IS_UNDEFINEDFILE_LOG_PATTERN_IS_UNDEFINEDFILE_LOG_PATTERN_IS_UNDEFINEDFILE_LOG_PATTERN_IS_UNDEFINEDFILE_LOG_PATTERN_IS_UNDEFINEDFILE_LOG_PATTERN_IS_UNDEFINEDFILE_LOG_PATTERN_IS_UNDEFINEDFILE_LOG_PATTERN_IS_UNDEFINEDFILE_LOG_PATTERN_IS_UNDEFINEDFILE_LOG_PATTERN_IS_UNDEFINEDFILE_LOG_PATTERN_IS_UNDEFINEDFILE_LOG_PATTERN_IS_UNDEFINEDFILE_LOG_PATTERN_IS_UNDEFINEDFILE_LOG_PATTERN_IS_UNDEFINEDFILE_LOG_PATTERN_IS_UNDEFINEDFILE_LOG_PATTERN_IS_UNDEFINEDFILE_LOG_PATTERN_IS_UNDEFINEDFILE_LOG_PATTERN_IS_UNDEFINEDFILE_LOG_PATTERN_IS_UNDEFINEDFILE_LOG_PATTERN_IS_UNDEFINEDFILE_LOG_PATTERN_IS_UNDEFINEDFILE_LOG_PATTERN_IS_UNDEFINEDFILE_LOG_PATTERN_IS_UNDEFINEDFILE_LOG_PATTERN_IS_UNDEFINEDFILE_LOG_PATTERN_IS_UNDEFINEDFILE_LOG_PATTERN_IS_UNDEFINEDFILE_LOG_PATTERN_IS_UNDEFINEDFILE_LOG_PATTERN_IS_UNDEFINEDFILE_LOG_PATTERN_IS_UNDEFINEDFILE_LOG_PATTERN_IS_UNDEFINEDFILE_LOG_PATTERN_IS_UNDEFINEDFILE_LOG_PATTERN_IS_UNDEFINEDFILE_LOG_PATTERN_IS_UNDEFINEDFILE_LOG_PATTERN_IS_UNDEFINEDFILE_LOG_PATTERN_IS_UNDEFINEDFILE_LOG_PATTERN_IS_UNDEFINEDFILE_LOG_PATTERN_IS_UNDEFINEDFILE_LOG_PATTERN_IS_UNDEFINEDFILE_LOG_PATTERN_IS_UNDEFINEDFILE_LOG_PATTERN_IS_UNDEFINEDFILE_LOG_PATTERN_IS_UNDEFINEDFILE_LOG_PATTERN_IS_UNDEFINEDFILE_LOG_PATTERN_IS_UNDEFINEDFILE_LOG_PATTERN_IS_UNDEFINEDFILE_LOG_PATTERN_IS_UNDEFINEDFILE_LOG_PATTERN_IS_UNDEFINEDFILE_LOG_PATTERN_IS_UNDEFINEDFILE_LOG_PATTERN_IS_UNDEFINEDFILE_LOG_PATTERN_IS_UNDEFINEDFILE_LOG_PATTERN_IS_UNDEFINEDFILE_LOG_PATTERN_IS_UNDEFINEDFILE_LOG_PATTERN_IS_UNDEFINEDFILE_LOG_PATTERN_IS_UNDEFINEDFILE_LOG_PATTERN_IS_UNDEFINEDFILE_LOG_PATTERN_IS_UNDEFINEDFILE_LOG_PATTERN_IS_UNDEFINEDFILE_LOG_PATTERN_IS_UNDEFINEDFILE_LOG_PATTERN_IS_UNDEFINEDFILE_LOG_PATTERN_IS_UNDEFINEDFILE_LOG_PATTERN_IS_UNDEFINEDFILE_LOG_PATTERN_IS_UNDEFINEDFILE_LOG_PATTERN_IS_UNDEFINEDFILE_LOG_PATTERN_IS_UNDEFINEDFILE_LOG_PATTERN_IS_UNDEFINEDFILE_LOG_PATTERN_IS_UNDEFINEDFILE_LOG_PATTERN_IS_UNDEFINEDFILE_LOG_PATTERN_IS_UNDEFINEDFILE_LOG_PATTERN_IS_UNDEFINEDFILE_LOG_PATTERN_IS_UNDEFINEDFILE_LOG_PATTERN_IS_UNDEFINEDFILE_LOG_PATTERN_IS_UNDEFINEDFILE_LOG_PATTERN_IS_UNDEFINEDFILE_LOG_PATTERN_IS_UNDEFINEDFILE_LOG_PATTERN_IS_UNDEFINEDFILE_LOG_PATTERN_IS_UNDEFINEDFILE_LOG_PATTERN_IS_UNDEFINEDFILE_LOG_PATTERN_IS_UNDEFINEDFILE_LOG_PATTERN_IS_UNDEFINEDFILE_LOG_PATTERN_IS_UNDEFINEDFILE_LOG_PATTERN_IS_UNDEFINEDFILE_LOG_PATTERN_IS_UNDEFINEDFILE_LOG_PATTERN_IS_UNDEFINEDFILE_LOG_PATTERN_IS_UNDEFINEDFILE_LOG_PATTERN_IS_UNDEFINEDFILE_LOG_PATTERN_IS_UNDEFINEDFILE_LOG_PATTERN_IS_UNDEFINEDFILE_LOG_PATTERN_IS_UNDEFINEDFILE_LOG_PATTERN_IS_UNDEFINEDFILE_LOG_PATTERN_IS_UNDEFINEDFILE_LOG_PATTERN_IS_UNDEFINEDFILE_LOG_PATTERN_IS_UNDEFINEDFILE_LOG_PATTERN_IS_UNDEFINEDFILE_LOG_PATTERN_IS_UNDEFINEDFILE_LOG_PATTERN_IS_UNDEFINEDFILE_LOG_PATTERN_IS_UNDEFINEDFILE_LOG_PATTERN_IS_UNDEFINEDFILE_LOG_PATTERN_IS_UNDEFINEDFILE_LOG_PATTERN_IS_UNDEFINEDFILE_LOG_PATTERN_IS_UNDEFINEDFILE_LOG_PATTERN_IS_UNDEFINEDFILE_LOG_PATTERN_IS_UNDEFINEDFILE_LOG_PATTERN_IS_UNDEFINEDFILE_LOG_PATTERN_IS_UNDEFINEDFILE_LOG_PATTERN_IS_UNDEFINEDFILE_LOG_PATTERN_IS_UNDEFINEDFILE_LOG_PATTERN_IS_UNDEFINEDFILE_LOG_PATTERN_IS_UNDEFINEDFILE_LOG_PATTERN_IS_UNDEFINEDFILE_LOG_PATTERN_IS_UNDEFINEDFILE_LOG_PATTERN_IS_UNDEFINEDFILE_LOG_PATTERN_IS_UNDEFINEDFILE_LOG_PATTERN_IS_UNDEFINEDFILE_LOG_PATTERN_IS_UNDEFINEDFILE_LOG_PATTERN_IS_UNDEFINEDFILE_LOG_PATTERN_IS_UNDEFINEDFILE_LOG_PATTERN_IS_UNDEFINEDFILE_LOG_PATTERN_IS_UNDEFINEDFILE_LOG_PATTERN_IS_UNDEFINEDFILE_LOG_PATTERN_IS_UNDEFINEDFILE_LOG_PATTERN_IS_UNDEFINEDFILE_LOG_PATTERN_IS_UNDEFINEDFILE_LOG_PATTERN_IS_UNDEFINEDFILE_LOG_PATTERN_IS_UNDEFINEDFILE_LOG_PATTERN_IS_UNDEFINEDFILE_LOG_PATTERN_IS_UNDEFINEDFILE_LOG_PATTERN_IS_UNDEFINEDFILE_LOG_PATTERN_IS_UNDEFINEDFILE_LOG_PATTERN_IS_UNDEFINEDFILE_LOG_PATTERN_IS_UNDEFINEDFILE_LOG_PATTERN_IS_UNDEFINEDFILE_LOG_PATTERN_IS_UNDEFINEDFILE_LOG_PATTERN_IS_UNDEFINEDFILE_LOG_PATTERN_IS_UNDEFINEDFILE_LOG_PATTERN_IS_UNDEFINEDFILE_LOG_PATTERN_IS_UNDEFINEDFILE_LOG_PATTERN_IS_UNDEFINEDFILE_LOG_PATTERN_IS_UNDEFINEDFILE_LOG_PATTERN_IS_UNDEFINEDFILE_LOG_PATTERN_IS_UNDEFINEDFILE_LOG_PATTERN_IS_UNDEFINEDFILE_LOG_PATTERN_IS_UNDEFINEDFILE_LOG_PATTERN_IS_UNDEFINEDFILE_LOG_PATTERN_IS_UNDEFINEDFILE_LOG_PATTERN_IS_UNDEFINEDFILE_LOG_PATTERN_IS_UNDEFINEDFILE_LOG_PATTERN_IS_UNDEFINEDFILE_LOG_PATTERN_IS_UNDEFINEDFILE_LOG_PATTERN_IS_UNDEFINEDFILE_LOG_PATTERN_IS_UNDEFINEDFILE_LOG_PATTERN_IS_UNDEFINEDFILE_LOG_PATTERN_IS_UNDEFINEDFILE_LOG_PATTERN_IS_UNDEFINEDFILE_LOG_PATTERN_IS_UNDEFINEDFILE_LOG_PATTERN_IS_UNDEFINEDFILE_LOG_PATTERN_IS_UNDEFINEDFILE_LOG_PATTERN_IS_UNDEFINEDFILE_LOG_PATTERN_IS_UNDEFINEDFILE_LOG_PATTERN_IS_UNDEFINEDFILE_LOG_PATTERN_IS_UNDEFINEDFILE_LOG_PATTERN_IS_UNDEFINEDFILE_LOG_PATTERN_IS_UNDEFINEDFILE_LOG_PATTERN_IS_UNDEFINEDFILE_LOG_PATTERN_IS_UNDEFINEDFILE_LOG_PATTERN_IS_UNDEFINEDFILE_LOG_PATTERN_IS_UNDEFINEDFILE_LOG_PATTERN_IS_UNDEFINEDFILE_LOG_PATTERN_IS_UNDEFINEDFILE_LOG_PATTERN_IS_UNDEFINEDFILE_LOG_PATTERN_IS_UNDEFINEDFILE_LOG_PATTERN_IS_UNDEFINEDFILE_LOG_PATTERN_IS_UNDEFINEDFILE_LOG_PATTERN_IS_UNDEFINEDFILE_LOG_PATTERN_IS_UNDEFINEDFILE_LOG_PATTERN_IS_UNDEFINEDFILE_LOG_PATTERN_IS_UNDEFINEDFILE_LOG_PATTERN_IS_UNDEFINEDFILE_LOG_PATTERN_IS_UNDEFINEDFILE_LOG_PATTERN_IS_UNDEFINEDFILE_LOG_PATTERN_IS_UNDEFINEDFILE_LOG_PATTERN_IS_UNDEFINEDFILE_LOG_PATTERN_IS_UNDEFINEDFILE_LOG_PATTERN_IS_UNDEFINEDFILE_LOG_PATTERN_IS_UNDEFINEDFILE_LOG_PATTERN_IS_UNDEFINEDFILE_LOG_PATTERN_IS_UNDEFINEDFILE_LOG_PATTERN_IS_UNDEFINEDFILE_LOG_PATTERN_IS_UNDEFINEDFILE_LOG_PATTERN_IS_UNDEFINEDFILE_LOG_PATTERN_IS_UNDEFINEDFILE_LOG_PATTERN_IS_UNDEFINEDFILE_LOG_PATTERN_IS_UNDEFINEDFILE_LOG_PATTERN_IS_UNDEFINEDFILE_LOG_PATTERN_IS_UNDEFINEDFILE_LOG_PATTERN_IS_UNDEFINEDFILE_LOG_PATTERN_IS_UNDEFINEDFILE_LOG_PATTERN_IS_UNDEFINEDFILE_LOG_PATTERN_IS_UNDEFINEDFILE_LOG_PATTERN_IS_UNDEFINEDFILE_LOG_PATTERN_IS_UNDEFINEDFILE_LOG_PATTERN_IS_UNDEFINEDFILE_LOG_PATTERN_IS_UNDEFINEDFILE_LOG_PATTERN_IS_UNDEFINEDFILE_LOG_PATTERN_IS_UNDEFINEDFILE_LOG_PATTERN_IS_UNDEFINEDFILE_LOG_PATTERN_IS_UNDEFINEDFILE_LOG_PATTERN_IS_UNDEFINEDFILE_LOG_PATTERN_IS_UNDEFINEDFILE_LOG_PATTERN_IS_UNDEFINEDFILE_LOG_PATTERN_IS_UNDEFINEDFILE_LOG_PATTERN_IS_UNDEFINEDFILE_LOG_PATTERN_IS_UNDEFINEDFILE_LOG_PATTERN_IS_UNDEFINEDFILE_LOG_PATTERN_IS_UNDEFINEDFILE_LOG_PATTERN_IS_UNDEFINEDFILE_LOG_PATTERN_IS_UNDEFINEDFILE_LOG_PATTERN_IS_UNDEFINEDFILE_LOG_PATTERN_IS_UNDEFINEDFILE_LOG_PATTERN_IS_UNDEFINEDFILE_LOG_PATTERN_IS_UNDEFINEDFILE_LOG_PATTERN_IS_UNDEFINEDFILE_LOG_PATTERN_IS_UNDEFINEDFILE_LOG_PATTERN_IS_UNDEFINEDFILE_LOG_PATTERN_IS_UNDEFINEDFILE_LOG_PATTERN_IS_UNDEFINEDFILE_LOG_PATTERN_IS_UNDEFINEDFILE_LOG_PATTERN_IS_UNDEFINEDFILE_LOG_PATTERN_IS_UNDEFINEDFILE_LOG_PATTERN_IS_UNDEFINEDFILE_LOG_PATTERN_IS_UNDEFINEDFILE_LOG_PATTERN_IS_UNDEFINEDFILE_LOG_PATTERN_IS_UNDEFINEDFILE_LOG_PATTERN_IS_UNDEFINEDFILE_LOG_PATTERN_IS_UNDEFINEDFILE_LOG_PATTERN_IS_UNDEFINEDFILE_LOG_PATTERN_IS_UNDEFINEDFILE_LOG_PATTERN_IS_UNDEFINEDFILE_LOG_PATTERN_IS_UNDEFINEDFILE_LOG_PATTERN_IS_UNDEFINEDFILE_LOG_PATTERN_IS_UNDEFINEDFILE_LOG_PATTERN_IS_UNDEFINEDFILE_LOG_PATTERN_IS_UNDEFINEDFILE_LOG_PATTERN_IS_UNDEFINEDFILE_LOG_PATTERN_IS_UNDEFINEDFILE_LOG_PATTERN_IS_UNDEFINEDFILE_LOG_PATTERN_IS_UNDEFINEDFILE_LOG_PATTERN_IS_UNDEFINEDFILE_LOG_PATTERN_IS_UNDEFINEDFILE_LOG_PATTERN_IS_UNDEFINEDFILE_LOG_PATTERN_IS_UNDEFINEDFILE_LOG_PATTERN_IS_UNDEFINEDFILE_LOG_PATTERN_IS_UNDEFINEDFILE_LOG_PATTERN_IS_UNDEFINEDFILE_LOG_PATTERN_IS_UNDEFINEDFILE_LOG_PATTERN_IS_UNDEFINEDFILE_LOG_PATTERN_IS_UNDEFINEDFILE_LOG_PATTERN_IS_UNDEFINEDFILE_LOG_PATTERN_IS_UNDEFINEDFILE_LOG_PATTERN_IS_UNDEFINEDFILE_LOG_PATTERN_IS_UNDEFINEDFILE_LOG_PATTERN_IS_UNDEFINEDFILE_LOG_PATTERN_IS_UNDEFINEDFILE_LOG_PATTERN_IS_UNDEFINEDFILE_LOG_PATTERN_IS_UNDEFINEDFILE_LOG_PATTERN_IS_UNDEFINEDFILE_LOG_PATTERN_IS_UNDEFINEDFILE_LOG_PATTERN_IS_UNDEFINEDFILE_LOG_PATTERN_IS_UNDEFINEDFILE_LOG_PATTERN_IS_UNDEFINEDFILE_LOG_PATTERN_IS_UNDEFINEDFILE_LOG_PATTERN_IS_UNDEFINEDFILE_LOG_PATTERN_IS_UNDEFINEDFILE_LOG_PATTERN_IS_UNDEFINEDFILE_LOG_PATTERN_IS_UNDEFINEDFILE_LOG_PATTERN_IS_UNDEFINEDFILE_LOG_PATTERN_IS_UNDEFINEDFILE_LOG_PATTERN_IS_UNDEFINEDFILE_LOG_PATTERN_IS_UNDEFINEDFILE_LOG_PATTERN_IS_UNDEFINEDFILE_LOG_PATTERN_IS_UNDEFINEDFILE_LOG_PATTERN_IS_UNDEFINEDFILE_LOG_PATTERN_IS_UNDEFINEDFILE_LOG_PATTERN_IS_UNDEFINEDFILE_LOG_PATTERN_IS_UNDEFINEDFILE_LOG_PATTERN_IS_UNDEFINEDFILE_LOG_PATTERN_IS_UNDEFINEDFILE_LOG_PATTERN_IS_UNDEFINEDFILE_LOG_PATTERN_IS_UNDEFINEDFILE_LOG_PATTERN_IS_UNDEFINEDFILE_LOG_PATTERN_IS_UNDEFINEDFILE_LOG_PATTERN_IS_UNDEFINEDFILE_LOG_PATTERN_IS_UNDEFINEDFILE_LOG_PATTERN_IS_UNDEFINEDFILE_LOG_PATTERN_IS_UNDEFINEDFILE_LOG_PATTERN_IS_UNDEFINEDFILE_LOG_PATTERN_IS_UNDEFINEDFILE_LOG_PATTERN_IS_UNDEFINEDFILE_LOG_PATTERN_IS_UNDEFINEDFILE_LOG_PATTERN_IS_UNDEFINEDFILE_LOG_PATTERN_IS_UNDEFINEDFILE_LOG_PATTERN_IS_UNDEFINEDFILE_LOG_PATTERN_IS_UNDEFINEDFILE_LOG_PATTERN_IS_UNDEFINEDFILE_LOG_PATTERN_IS_UNDEFINEDFILE_LOG_PATTERN_IS_UNDEFINEDFILE_LOG_PATTERN_IS_UNDEFINEDFILE_LOG_PATTERN_IS_UNDEFINEDFILE_LOG_PATTERN_IS_UNDEFINEDFILE_LOG_PATTERN_IS_UNDEFINEDFILE_LOG_PATTERN_IS_UNDEFINEDFILE_LOG_PATTERN_IS_UNDEFINEDFILE_LOG_PATTERN_IS_UNDEFINEDFILE_LOG_PATTERN_IS_UNDEFINEDFILE_LOG_PATTERN_IS_UNDEFINEDFILE_LOG_PATTERN_IS_UNDEFINEDFILE_LOG_PATTERN_IS_UNDEFINEDFILE_LOG_PATTERN_IS_UNDEFINEDFILE_LOG_PATTERN_IS_UNDEFINEDFILE_LOG_PATTERN_IS_UNDEFINEDFILE_LOG_PATTERN_IS_UNDEFINEDFILE_LOG_PATTERN_IS_UNDEFINEDFILE_LOG_PATTERN_IS_UNDEFINEDFILE_LOG_PATTERN_IS_UNDEFINEDFILE_LOG_PATTERN_IS_UNDEFINEDFILE_LOG_PATTERN_IS_UNDEFINEDFILE_LOG_PATTERN_IS_UNDEFINEDFILE_LOG_PATTERN_IS_UNDEFINEDFILE_LOG_PATTERN_IS_UNDEFINEDFILE_LOG_PATTERN_IS_UNDEFINEDFILE_LOG_PATTERN_IS_UNDEFINEDFILE_LOG_PATTERN_IS_UNDEFINEDFILE_LOG_PATTERN_IS_UNDEFINEDFILE_LOG_PATTERN_IS_UNDEFINEDFILE_LOG_PATTERN_IS_UNDEFINEDFILE_LOG_PATTERN_IS_UNDEFINEDFILE_LOG_PATTERN_IS_UNDEFINEDFILE_LOG_PATTERN_IS_UNDEFINEDFILE_LOG_PATTERN_IS_UNDEFINEDFILE_LOG_PATTERN_IS_UNDEFINEDFILE_LOG_PATTERN_IS_UNDEFINEDFILE_LOG_PATTERN_IS_UNDEFINEDFILE_LOG_PATTERN_IS_UNDEFINEDFILE_LOG_PATTERN_IS_UNDEFINEDFILE_LOG_PATTERN_IS_UNDEFINEDFILE_LOG_PATTERN_IS_UNDEFINEDFILE_LOG_PATTERN_IS_UNDEFINEDFILE_LOG_PATTERN_IS_UNDEFINEDFILE_LOG_PATTERN_IS_UNDEFINEDFILE_LOG_PATTERN_IS_UNDEFINEDFILE_LOG_PATTERN_IS_UNDEFINEDFILE_LOG_PATTERN_IS_UNDEFINEDFILE_LOG_PATTERN_IS_UNDEFINEDFILE_LOG_PATTERN_IS_UNDEFINEDFILE_LOG_PATTERN_IS_UNDEFINEDFILE_LOG_PATTERN_IS_UNDEFINEDFILE_LOG_PATTERN_IS_UNDEFINEDFILE_LOG_PATTERN_IS_UNDEFINEDFILE_LOG_PATTERN_IS_UNDEFINEDFILE_LOG_PATTERN_IS_UNDEFINEDFILE_LOG_PATTERN_IS_UNDEFINEDFILE_LOG_PATTERN_IS_UNDEFINEDFILE_LOG_PATTERN_IS_UNDEFINEDFILE_LOG_PATTERN_IS_UNDEFINEDFILE_LOG_PATTERN_IS_UNDEFINEDFILE_LOG_PATTERN_IS_UNDEFINEDFILE_LOG_PATTERN_IS_UNDEFINEDFILE_LOG_PATTERN_IS_UNDEFINEDFILE_LOG_PATTERN_IS_UNDEFINEDFILE_LOG_PATTERN_IS_UNDEFINEDFILE_LOG_PATTERN_IS_UNDEFINEDFILE_LOG_PATTERN_IS_UNDEFINEDFILE_LOG_PATTERN_IS_UNDEFINEDFILE_LOG_PATTERN_IS_UNDEFINEDFILE_LOG_PATTERN_IS_UNDEFINEDFILE_LOG_PATTERN_IS_UNDEFINEDFILE_LOG_PATTERN_IS_UNDEFINEDFILE_LOG_PATTERN_IS_UNDEFINEDFILE_LOG_PATTERN_IS_UNDEFINEDFILE_LOG_PATTERN_IS_UNDEFINEDFILE_LOG_PATTERN_IS_UNDEFINEDFILE_LOG_PATTERN_IS_UNDEFINEDFILE_LOG_PATTERN_IS_UNDEFINEDFILE_LOG_PATTERN_IS_UNDEFINEDFILE_LOG_PATTERN_IS_UNDEFINEDFILE_LOG_PATTERN_IS_UNDEFINEDFILE_LOG_PATTERN_IS_UNDEFINEDFILE_LOG_PATTERN_IS_UNDEFINEDFILE_LOG_PATTERN_IS_UNDEFINEDFILE_LOG_PATTERN_IS_UNDEFINEDFILE_LOG_PATTERN_IS_UNDEFINEDFILE_LOG_PATTERN_IS_UNDEFINEDFILE_LOG_PATTERN_IS_UNDEFINEDFILE_LOG_PATTERN_IS_UNDEFINEDFILE_LOG_PATTERN_IS_UNDEFINEDFILE_LOG_PATTERN_IS_UNDEFINEDFILE_LOG_PATTERN_IS_UNDEFINEDFILE_LOG_PATTERN_IS_UNDEFINEDFILE_LOG_PATTERN_IS_UNDEFINEDFILE_LOG_PATTERN_IS_UNDEFINEDFILE_LOG_PATTERN_IS_UNDEFINEDFILE_LOG_PATTERN_IS_UNDEFINEDFILE_LOG_PATTERN_IS_UNDEFINEDFILE_LOG_PATTERN_IS_UNDEFINEDFILE_LOG_PATTERN_IS_UNDEFINEDFILE_LOG_PATTERN_IS_UNDEFINEDFILE_LOG_PATTERN_IS_UNDEFINEDFILE_LOG_PATTERN_IS_UNDEFINEDFILE_LOG_PATTERN_IS_UNDEFINEDFILE_LOG_PATTERN_IS_UNDEFINEDFILE_LOG_PATTERN_IS_UNDEFINEDFILE_LOG_PATTERN_IS_UNDEFINEDFILE_LOG_PATTERN_IS_UNDEFINEDFILE_LOG_PATTERN_IS_UNDEFINEDFILE_LOG_PATTERN_IS_UNDEFINEDFILE_LOG_PATTERN_IS_UNDEFINEDFILE_LOG_PATTERN_IS_UNDEFINEDFILE_LOG_PATTERN_IS_UNDEFINEDFILE_LOG_PATTERN_IS_UNDEFINEDFILE_LOG_PATTERN_IS_UNDEFINEDFILE_LOG_PATTERN_IS_UNDEFINEDFILE_LOG_PATTERN_IS_UNDEFINEDFILE_LOG_PATTERN_IS_UNDEFINEDFILE_LOG_PATTERN_IS_UNDEFINEDFILE_LOG_PATTERN_IS_UNDEFINEDFILE_LOG_PATTERN_IS_UNDEFINEDFILE_LOG_PATTERN_IS_UNDEFINEDFILE_LOG_PATTERN_IS_UNDEFINEDFILE_LOG_PATTERN_IS_UNDEFINEDFILE_LOG_PATTERN_IS_UNDEFINEDFILE_LOG_PATTERN_IS_UNDEFINEDFILE_LOG_PATTERN_IS_UNDEFINEDFILE_LOG_PATTERN_IS_UNDEFINEDFILE_LOG_PATTERN_IS_UNDEFINEDFILE_LOG_PATTERN_IS_UNDEFINEDFILE_LOG_PATTERN_IS_UNDEFINEDFILE_LOG_PATTERN_IS_UNDEFINEDFILE_LOG_PATTERN_IS_UNDEFINEDFILE_LOG_PATTERN_IS_UNDEFINEDFILE_LOG_PATTERN_IS_UNDEFINEDFILE_LOG_PATTERN_IS_UNDEFINEDFILE_LOG_PATTERN_IS_UNDEFINEDFILE_LOG_PATTERN_IS_UNDEFINEDFILE_LOG_PATTERN_IS_UNDEFINEDFILE_LOG_PATTERN_IS_UNDEFINEDFILE_LOG_PATTERN_IS_UNDEFINEDFILE_LOG_PATTERN_IS_UNDEFINEDFILE_LOG_PATTERN_IS_UNDEFINEDFILE_LOG_PATTERN_IS_UNDEFINEDFILE_LOG_PATTERN_IS_UNDEFINEDFILE_LOG_PATTERN_IS_UNDEFINEDFILE_LOG_PATTERN_IS_UNDEFINEDFILE_LOG_PATTERN_IS_UNDEFINEDFILE_LOG_PATTERN_IS_UNDEFINEDFILE_LOG_PATTERN_IS_UNDEFINEDFILE_LOG_PATTERN_IS_UNDEFINEDFILE_LOG_PATTERN_IS_UNDEFINEDFILE_LOG_PATTERN_IS_UNDEFINEDFILE_LOG_PATTERN_IS_UNDEFINEDFILE_LOG_PATTERN_IS_UNDEFINEDFILE_LOG_PATTERN_IS_UNDEFINEDFILE_LOG_PATTERN_IS_UNDEFINEDFILE_LOG_PATTERN_IS_UNDEFINEDFILE_LOG_PATTERN_IS_UNDEFINEDFILE_LOG_PATTERN_IS_UNDEFINEDFILE_LOG_PATTERN_IS_UNDEFINEDFILE_LOG_PATTERN_IS_UNDEFINEDFILE_LOG_PATTERN_IS_UNDEFINEDFILE_LOG_PATTERN_IS_UNDEFINEDFILE_LOG_PATTERN_IS_UNDEFINEDFILE_LOG_PATTERN_IS_UNDEFINEDFILE_LOG_PATTERN_IS_UNDEFINEDFILE_LOG_PATTERN_IS_UNDEFINEDFILE_LOG_PATTERN_IS_UNDEFINEDFILE_LOG_PATTERN_IS_UNDEFINEDFILE_LOG_PATTERN_IS_UNDEFINEDFILE_LOG_PATTERN_IS_UNDEFINEDFILE_LOG_PATTERN_IS_UNDEFINEDFILE_LOG_PATTERN_IS_UNDEFINEDFILE_LOG_PATTERN_IS_UNDEFINEDFILE_LOG_PATTERN_IS_UNDEFINEDFILE_LOG_PATTERN_IS_UNDEFINEDFILE_LOG_PATTERN_IS_UNDEFINEDFILE_LOG_PATTERN_IS_UNDEFINEDFILE_LOG_PATTERN_IS_UNDEFINEDFILE_LOG_PATTERN_IS_UNDEFINEDFILE_LOG_PATTERN_IS_UNDEFINEDFILE_LOG_PATTERN_IS_UNDEFINEDFILE_LOG_PATTERN_IS_UNDEFINEDFILE_LOG_PATTERN_IS_UNDEFINEDFILE_LOG_PATTERN_IS_UNDEFINEDFILE_LOG_PATTERN_IS_UNDEFINEDFILE_LOG_PATTERN_IS_UNDEFINEDFILE_LOG_PATTERN_IS_UNDEFINEDFILE_LOG_PATTERN_IS_UNDEFINEDFILE_LOG_PATTERN_IS_UNDEFINEDFILE_LOG_PATTERN_IS_UNDEFINEDFILE_LOG_PATTERN_IS_UNDEFINEDFILE_LOG_PATTERN_IS_UNDEFINEDFILE_LOG_PATTERN_IS_UNDEFINEDFILE_LOG_PATTERN_IS_UNDEFINEDFILE_LOG_PATTERN_IS_UNDEFINEDFILE_LOG_PATTERN_IS_UNDEFINEDFILE_LOG_PATTERN_IS_UNDEFINEDFILE_LOG_PATTERN_IS_UNDEFINEDFILE_LOG_PATTERN_IS_UNDEFINEDFILE_LOG_PATTERN_IS_UNDEFINEDFILE_LOG_PATTERN_IS_UNDEFINEDFILE_LOG_PATTERN_IS_UNDEFINEDFILE_LOG_PATTERN_IS_UNDEFINEDFILE_LOG_PATTERN_IS_UNDEFINEDFILE_LOG_PATTERN_IS_UNDEFINEDFILE_LOG_PATTERN_IS_UNDEFINEDFILE_LOG_PATTERN_IS_UNDEFINEDFILE_LOG_PATTERN_IS_UNDEFINEDFILE_LOG_PATTERN_IS_UNDEFINEDFILE_LOG_PATTERN_IS_UNDEFINEDFILE_LOG_PATTERN_IS_UNDEFINEDFILE_LOG_PATTERN_IS_UNDEFINEDFILE_LOG_PATTERN_IS_UNDEFINEDFILE_LOG_PATTERN_IS_UNDEFINEDFILE_LOG_PATTERN_IS_UNDEFINEDFILE_LOG_PATTERN_IS_UNDEFINEDFILE_LOG_PATTERN_IS_UNDEFINEDFILE_LOG_PATTERN_IS_UNDEFINEDFILE_LOG_PATTERN_IS_UNDEFINEDFILE_LOG_PATTERN_IS_UNDEFINEDFILE_LOG_PATTERN_IS_UNDEFINEDFILE_LOG_PATTERN_IS_UNDEFINEDFILE_LOG_PATTERN_IS_UNDEFINEDFILE_LOG_PATTERN_IS_UNDEFINEDFILE_LOG_PATTERN_IS_UNDEFINEDFILE_LOG_PATTERN_IS_UNDEFINEDFILE_LOG_PATTERN_IS_UNDEFINEDFILE_LOG_PATTERN_IS_UNDEFINEDFILE_LOG_PATTERN_IS_UNDEFINEDFILE_LOG_PATTERN_IS_UNDEFINEDFILE_LOG_PATTERN_IS_UNDEFINEDFILE_LOG_PATTERN_IS_UNDEFINEDFILE_LOG_PATTERN_IS_UNDEFINEDFILE_LOG_PATTERN_IS_UNDEFINEDFILE_LOG_PATTERN_IS_UNDEFINEDFILE_LOG_PATTERN_IS_UNDEFINEDFILE_LOG_PATTERN_IS_UNDEFINEDFILE_LOG_PATTERN_IS_UNDEFINEDFILE_LOG_PATTERN_IS_UNDEFINEDFILE_LOG_PATTERN_IS_UNDEFINEDFILE_LOG_PATTERN_IS_UNDEFINEDFILE_LOG_PATTERN_IS_UNDEFINEDFILE_LOG_PATTERN_IS_UNDEFINEDFILE_LOG_PATTERN_IS_UNDEFINEDFILE_LOG_PATTERN_IS_UNDEFINEDFILE_LOG_PATTERN_IS_UNDEFINEDFILE_LOG_PATTERN_IS_UNDEFINEDFILE_LOG_PATTERN_IS_UNDEFINEDFILE_LOG_PATTERN_IS_UNDEFINEDFILE_LOG_PATTERN_IS_UNDEFINEDFILE_LOG_PATTERN_IS_UNDEFINEDFILE_LOG_PATTERN_IS_UNDEFINEDFILE_LOG_PATTERN_IS_UNDEFINEDFILE_LOG_PATTERN_IS_UNDEFINEDFILE_LOG_PATTERN_IS_UNDEFINEDFILE_LOG_PATTERN_IS_UNDEFINEDFILE_LOG_PATTERN_IS_UNDEFINEDFILE_LOG_PATTERN_IS_UNDEFINEDFILE_LOG_PATTERN_IS_UNDEFINEDFILE_LOG_PATTERN_IS_UNDEFINEDFILE_LOG_PATTERN_IS_UNDEFINEDFILE_LOG_PATTERN_IS_UNDEFINEDFILE_LOG_PATTERN_IS_UNDEFINEDFILE_LOG_PATTERN_IS_UNDEFINEDFILE_LOG_PATTERN_IS_UNDEFINEDFILE_LOG_PATTERN_IS_UNDEFINEDFILE_LOG_PATTERN_IS_UNDEFINEDFILE_LOG_PATTERN_IS_UNDEFINEDFILE_LOG_PATTERN_IS_UNDEFINEDFILE_LOG_PATTERN_IS_UNDEFINEDFILE_LOG_PATTERN_IS_UNDEFINEDFILE_LOG_PATTERN_IS_UNDEFINEDFILE_LOG_PATTERN_IS_UNDEFINEDFILE_LOG_PATTERN_IS_UNDEFINEDFILE_LOG_PATTERN_IS_UNDEFINEDFILE_LOG_PATTERN_IS_UNDEFINEDFILE_LOG_PATTERN_IS_UNDEFINEDFILE_LOG_PATTERN_IS_UNDEFINEDFILE_LOG_PATTERN_IS_UNDEFINEDFILE_LOG_PATTERN_IS_UNDEFINEDFILE_LOG_PATTERN_IS_UNDEFINEDFILE_LOG_PATTERN_IS_UNDEFINEDFILE_LOG_PATTERN_IS_UNDEFINEDFILE_LOG_PATTERN_IS_UNDEFINEDFILE_LOG_PATTERN_IS_UNDEFINEDFILE_LOG_PATTERN_IS_UNDEFINEDFILE_LOG_PATTERN_IS_UNDEFINEDFILE_LOG_PATTERN_IS_UNDEFINEDFILE_LOG_PATTERN_IS_UNDEFINEDFILE_LOG_PATTERN_IS_UNDEFINEDFILE_LOG_PATTERN_IS_UNDEFINEDFILE_LOG_PATTERN_IS_UNDEFINEDFILE_LOG_PATTERN_IS_UNDEFINEDFILE_LOG_PATTERN_IS_UNDEFINEDFILE_LOG_PATTERN_IS_UNDEFINEDFILE_LOG_PATTERN_IS_UNDEFINEDFILE_LOG_PATTERN_IS_UNDEFINEDjava.io.FileNotFoundException: class path resource [templates/] cannot be resolved to absolute file path because it does not reside in the file system: jar:file:/C:/MAVEN/Repositorio/.m2/repository/org/springframework/cloud/spring-cloud-netflix-eureka-server/2.1.2.RELEASE/spring-cloud-netflix-eureka-server-2.1.2.RELEASE.jar!/templates/
	at org.springframework.util.ResourceUtils.getFile(ResourceUtils.java:217)
	at org.springframework.core.io.AbstractFileResolvingResource.getFile(AbstractFileResolvingResource.java:154)
	at org.springframework.ui.freemarker.FreeMarkerConfigurationFactory.getTemplateLoaderForPath(FreeMarkerConfigurationFactory.java:345)
	at org.springframework.ui.freemarker.FreeMarkerConfigurationFactory.createConfiguration(FreeMarkerConfigurationFactory.java:297)
	at org.springframework.web.servlet.view.freemarker.FreeMarkerConfigurer.afterPropertiesSet(FreeMarkerConfigurer.java:120)
	at org.springframework.beans.factory.support.AbstractAutowireCapableBeanFactory.invokeInitMethods(AbstractAutowireCapableBeanFactory.java:1837)
	at org.springframework.beans.factory.support.AbstractAutowireCapableBeanFactory.initializeBean(AbstractAutowireCapableBeanFactory.java:1774)
	at org.springframework.beans.factory.support.AbstractAutowireCapableBeanFactory.doCreateBean(AbstractAutowireCapableBeanFactory.java:593)
	at org.springframework.beans.factory.support.AbstractAutowireCapableBeanFactory.createBean(AbstractAutowireCapableBeanFactory.java:515)
	at org.springframework.beans.factory.support.AbstractBeanFactory.lambda$doGetBean$0(AbstractBeanFactory.java:320)
	at org.springframework.beans.factory.support.DefaultSingletonBeanRegistry.getSingleton(DefaultSingletonBeanRegistry.java:222)
	at org.springframework.beans.factory.support.AbstractBeanFactory.doGetBean(AbstractBeanFactory.java:318)
	at org.springframework.beans.factory.support.AbstractBeanFactory.getBean(AbstractBeanFactory.java:199)
	at org.springframework.beans.factory.support.DefaultListableBeanFactory.preInstantiateSingletons(DefaultListableBeanFactory.java:845)
	at org.springframework.context.support.AbstractApplicationContext.finishBeanFactoryInitialization(AbstractApplicationContext.java:877)
	at org.springframework.context.support.AbstractApplicationContext.refresh(AbstractApplicationContext.java:549)
	at org.springframework.boot.web.servlet.context.ServletWebServerApplicationContext.refresh(ServletWebServerApplicationContext.java:140)
	at org.springframework.boot.SpringApplication.refresh(SpringApplication.java:742)
	at org.springframework.boot.SpringApplication.refreshContext(SpringApplication.java:389)
	at org.springframework.boot.SpringApplication.run(SpringApplication.java:311)
	at org.springframework.boot.SpringApplication.run(SpringApplication.java:1213)
	at org.springframework.boot.SpringApplication.run(SpringApplication.java:1202)
	at com.cpm.m2m.EurekaServer.EurekaServerApplication.main(EurekaServerApplication.java:12)
	at sun.reflect.NativeMethodAccessorImpl.invoke0(Native Method)
	at sun.reflect.NativeMethodAccessorImpl.invoke(NativeMethodAccessorImpl.java:62)
	at sun.reflect.DelegatingMethodAccessorImpl.invoke(DelegatingMethodAccessorImpl.java:43)
	at java.lang.reflect.Method.invoke(Method.java:498)
	at org.springframework.boot.maven.AbstractRunMojo$LaunchRunner.run(AbstractRunMojo.java:542)
	at java.lang.Thread.run(Thread.java:745)
FILE_LOG_PATTERN_IS_UNDEFINEDFILE_LOG_PATTERN_IS_UNDEFINEDFILE_LOG_PATTERN_IS_UNDEFINEDFILE_LOG_PATTERN_IS_UNDEFINEDFILE_LOG_PATTERN_IS_UNDEFINEDFILE_LOG_PATTERN_IS_UNDEFINEDFILE_LOG_PATTERN_IS_UNDEFINEDFILE_LOG_PATTERN_IS_UNDEFINEDFILE_LOG_PATTERN_IS_UNDEFINEDFILE_LOG_PATTERN_IS_UNDEFINEDFILE_LOG_PATTERN_IS_UNDEFINEDFILE_LOG_PATTERN_IS_UNDEFINEDFILE_LOG_PATTERN_IS_UNDEFINEDFILE_LOG_PATTERN_IS_UNDEFINEDFILE_LOG_PATTERN_IS_UNDEFINEDFILE_LOG_PATTERN_IS_UNDEFINEDFILE_LOG_PATTERN_IS_UNDEFINEDFILE_LOG_PATTERN_IS_UNDEFINEDFILE_LOG_PATTERN_IS_UNDEFINEDFILE_LOG_PATTERN_IS_UNDEFINEDFILE_LOG_PATTERN_IS_UNDEFINEDFILE_LOG_PATTERN_IS_UNDEFINEDFILE_LOG_PATTERN_IS_UNDEFINEDFILE_LOG_PATTERN_IS_UNDEFINEDFILE_LOG_PATTERN_IS_UNDEFINEDFILE_LOG_PATTERN_IS_UNDEFINEDFILE_LOG_PATTERN_IS_UNDEFINEDFILE_LOG_PATTERN_IS_UNDEFINEDFILE_LOG_PATTERN_IS_UNDEFINEDFILE_LOG_PATTERN_IS_UNDEFINEDFILE_LOG_PATTERN_IS_UNDEFINEDFILE_LOG_PATTERN_IS_UNDEFINEDFILE_LOG_PATTERN_IS_UNDEFINEDFILE_LOG_PATTERN_IS_UNDEFINEDFILE_LOG_PATTERN_IS_UNDEFINEDFILE_LOG_PATTERN_IS_UNDEFINEDFILE_LOG_PATTERN_IS_UNDEFINEDFILE_LOG_PATTERN_IS_UNDEFINEDFILE_LOG_PATTERN_IS_UNDEFINEDFILE_LOG_PATTERN_IS_UNDEFINEDFILE_LOG_PATTERN_IS_UNDEFINEDFILE_LOG_PATTERN_IS_UNDEFINEDFILE_LOG_PATTERN_IS_UNDEFINEDFILE_LOG_PATTERN_IS_UNDEFINEDFILE_LOG_PATTERN_IS_UNDEFINEDFILE_LOG_PATTERN_IS_UNDEFINEDFILE_LOG_PATTERN_IS_UNDEFINEDFILE_LOG_PATTERN_IS_UNDEFINEDFILE_LOG_PATTERN_IS_UNDEFINEDFILE_LOG_PATTERN_IS_UNDEFINEDFILE_LOG_PATTERN_IS_UNDEFINEDFILE_LOG_PATTERN_IS_UNDEFINEDFILE_LOG_PATTERN_IS_UNDEFINEDFILE_LOG_PATTERN_IS_UNDEFINEDFILE_LOG_PATTERN_IS_UNDEFINEDFILE_LOG_PATTERN_IS_UNDEFINEDFILE_LOG_PATTERN_IS_UNDEFINEDFILE_LOG_PATTERN_IS_UNDEFINEDFILE_LOG_PATTERN_IS_UNDEFINEDFILE_LOG_PATTERN_IS_UNDEFINEDFILE_LOG_PATTERN_IS_UNDEFINEDFILE_LOG_PATTERN_IS_UNDEFINEDFILE_LOG_PATTERN_IS_UNDEFINEDFILE_LOG_PATTERN_IS_UNDEFINEDFILE_LOG_PATTERN_IS_UNDEFINEDFILE_LOG_PATTERN_IS_UNDEFINEDFILE_LOG_PATTERN_IS_UNDEFINEDFILE_LOG_PATTERN_IS_UNDEFINEDFILE_LOG_PATTERN_IS_UNDEFINEDFILE_LOG_PATTERN_IS_UNDEFINEDFILE_LOG_PATTERN_IS_UNDEFINEDFILE_LOG_PATTERN_IS_UNDEFINEDFILE_LOG_PATTERN_IS_UNDEFINEDFILE_LOG_PATTERN_IS_UNDEFINEDFILE_LOG_PATTERN_IS_UNDEFINEDFILE_LOG_PATTERN_IS_UNDEFINEDFILE_LOG_PATTERN_IS_UNDEFINEDFILE_LOG_PATTERN_IS_UNDEFINEDFILE_LOG_PATTERN_IS_UNDEFINEDFILE_LOG_PATTERN_IS_UNDEFINEDFILE_LOG_PATTERN_IS_UNDEFINEDFILE_LOG_PATTERN_IS_UNDEFINEDFILE_LOG_PATTERN_IS_UNDEFINEDFILE_LOG_PATTERN_IS_UNDEFINEDFILE_LOG_PATTERN_IS_UNDEFINEDFILE_LOG_PATTERN_IS_UNDEFINEDFILE_LOG_PATTERN_IS_UNDEFINEDFILE_LOG_PATTERN_IS_UNDEFINEDFILE_LOG_PATTERN_IS_UNDEFINEDFILE_LOG_PATTERN_IS_UNDEFINEDFILE_LOG_PATTERN_IS_UNDEFINEDFILE_LOG_PATTERN_IS_UNDEFINEDFILE_LOG_PATTERN_IS_UNDEFINEDFILE_LOG_PATTERN_IS_UNDEFINEDFILE_LOG_PATTERN_IS_UNDEFINEDFILE_LOG_PATTERN_IS_UNDEFINEDFILE_LOG_PATTERN_IS_UNDEFINEDFILE_LOG_PATTERN_IS_UNDEFINEDFILE_LOG_PATTERN_IS_UNDEFINEDFILE_LOG_PATTERN_IS_UNDEFINEDFILE_LOG_PATTERN_IS_UNDEFINEDFILE_LOG_PATTERN_IS_UNDEFINEDFILE_LOG_PATTERN_IS_UNDEFINEDFILE_LOG_PATTERN_IS_UNDEFINEDFILE_LOG_PATTERN_IS_UNDEFINEDFILE_LOG_PATTERN_IS_UNDEFINEDFILE_LOG_PATTERN_IS_UNDEFINEDFILE_LOG_PATTERN_IS_UNDEFINEDFILE_LOG_PATTERN_IS_UNDEFINEDFILE_LOG_PATTERN_IS_UNDEFINEDFILE_LOG_PATTERN_IS_UNDEFINEDFILE_LOG_PATTERN_IS_UNDEFINEDFILE_LOG_PATTERN_IS_UNDEFINEDFILE_LOG_PATTERN_IS_UNDEFINEDFILE_LOG_PATTERN_IS_UNDEFINEDFILE_LOG_PATTERN_IS_UNDEFINEDFILE_LOG_PATTERN_IS_UNDEFINEDFILE_LOG_PATTERN_IS_UNDEFINEDFILE_LOG_PATTERN_IS_UNDEFINEDFILE_LOG_PATTERN_IS_UNDEFINEDFILE_LOG_PATTERN_IS_UNDEFINEDFILE_LOG_PATTERN_IS_UNDEFINEDFILE_LOG_PATTERN_IS_UNDEFINEDFILE_LOG_PATTERN_IS_UNDEFINEDFILE_LOG_PATTERN_IS_UNDEFINEDFILE_LOG_PATTERN_IS_UNDEFINEDFILE_LOG_PATTERN_IS_UNDEFINEDFILE_LOG_PATTERN_IS_UNDEFINEDFILE_LOG_PATTERN_IS_UNDEFINEDFILE_LOG_PATTERN_IS_UNDEFINEDFILE_LOG_PATTERN_IS_UNDEFINEDFILE_LOG_PATTERN_IS_UNDEFINEDFILE_LOG_PATTERN_IS_UNDEFINEDFILE_LOG_PATTERN_IS_UNDEFINEDFILE_LOG_PATTERN_IS_UNDEFINEDFILE_LOG_PATTERN_IS_UNDEFINEDFILE_LOG_PATTERN_IS_UNDEFINEDFILE_LOG_PATTERN_IS_UNDEFINEDFILE_LOG_PATTERN_IS_UNDEFINEDFILE_LOG_PATTERN_IS_UNDEFINEDFILE_LOG_PATTERN_IS_UNDEFINEDFILE_LOG_PATTERN_IS_UNDEFINEDFILE_LOG_PATTERN_IS_UNDEFINEDFILE_LOG_PATTERN_IS_UNDEFINEDFILE_LOG_PATTERN_IS_UNDEFINEDFILE_LOG_PATTERN_IS_UNDEFINEDFILE_LOG_PATTERN_IS_UNDEFINEDFILE_LOG_PATTERN_IS_UNDEFINEDFILE_LOG_PATTERN_IS_UNDEFINEDFILE_LOG_PATTERN_IS_UNDEFINEDFILE_LOG_PATTERN_IS_UNDEFINEDFILE_LOG_PATTERN_IS_UNDEFINEDFILE_LOG_PATTERN_IS_UNDEFINEDFILE_LOG_PATTERN_IS_UNDEFINEDFILE_LOG_PATTERN_IS_UNDEFINEDFILE_LOG_PATTERN_IS_UNDEFINEDFILE_LOG_PATTERN_IS_UNDEFINEDFILE_LOG_PATTERN_IS_UNDEFINEDFILE_LOG_PATTERN_IS_UNDEFINEDFILE_LOG_PATTERN_IS_UNDEFINEDFILE_LOG_PATTERN_IS_UNDEFINEDcom.sun.jersey.api.client.ClientHandlerException: java.net.ConnectException: Connection refused: connect
	at com.sun.jersey.client.apache4.ApacheHttpClient4Handler.handle(ApacheHttpClient4Handler.java:187)
	at com.sun.jersey.api.client.filter.GZIPContentEncodingFilter.handle(GZIPContentEncodingFilter.java:123)
	at com.netflix.discovery.EurekaIdentityHeaderFilter.handle(EurekaIdentityHeaderFilter.java:27)
	at com.sun.jersey.api.client.Client.handle(Client.java:652)
	at com.sun.jersey.api.client.WebResource.handle(WebResource.java:682)
	at com.sun.jersey.api.client.WebResource.access$200(WebResource.java:74)
	at com.sun.jersey.api.client.WebResource$Builder.get(WebResource.java:509)
	at com.netflix.discovery.shared.transport.jersey.AbstractJerseyEurekaHttpClient.getApplicationsInternal(AbstractJerseyEurekaHttpClient.java:194)
	at com.netflix.discovery.shared.transport.jersey.AbstractJerseyEurekaHttpClient.getApplications(AbstractJerseyEurekaHttpClient.java:165)
	at com.netflix.discovery.shared.transport.decorator.EurekaHttpClientDecorator$6.execute(EurekaHttpClientDecorator.java:137)
	at com.netflix.discovery.shared.transport.decorator.MetricsCollectingEurekaHttpClient.execute(MetricsCollectingEurekaHttpClient.java:73)
	at com.netflix.discovery.shared.transport.decorator.EurekaHttpClientDecorator.getApplications(EurekaHttpClientDecorator.java:134)
	at com.netflix.discovery.shared.transport.decorator.EurekaHttpClientDecorator$6.execute(EurekaHttpClientDecorator.java:137)
	at com.netflix.discovery.shared.transport.decorator.RedirectingEurekaHttpClient.executeOnNewServer(RedirectingEurekaHttpClient.java:118)
	at com.netflix.discovery.shared.transport.decorator.RedirectingEurekaHttpClient.execute(RedirectingEurekaHttpClient.java:79)
	at com.netflix.discovery.shared.transport.decorator.EurekaHttpClientDecorator.getApplications(EurekaHttpClientDecorator.java:134)
	at com.netflix.discovery.shared.transport.decorator.EurekaHttpClientDecorator$6.execute(EurekaHttpClientDecorator.java:137)
	at com.netflix.discovery.shared.transport.decorator.RetryableEurekaHttpClient.execute(RetryableEurekaHttpClient.java:120)
	at com.netflix.discovery.shared.transport.decorator.EurekaHttpClientDecorator.getApplications(EurekaHttpClientDecorator.java:134)
	at com.netflix.discovery.shared.transport.decorator.EurekaHttpClientDecorator$6.execute(EurekaHttpClientDecorator.java:137)
	at com.netflix.discovery.shared.transport.decorator.SessionedEurekaHttpClient.execute(SessionedEurekaHttpClient.java:77)
	at com.netflix.discovery.shared.transport.decorator.EurekaHttpClientDecorator.getApplications(EurekaHttpClientDecorator.java:134)
	at com.netflix.discovery.DiscoveryClient.getAndStoreFullRegistry(DiscoveryClient.java:1069)
	at com.netflix.discovery.DiscoveryClient.fetchRegistry(DiscoveryClient.java:983)
	at com.netflix.discovery.DiscoveryClient.<init>(DiscoveryClient.java:430)
	at com.netflix.discovery.DiscoveryClient.<init>(DiscoveryClient.java:276)
	at com.netflix.discovery.DiscoveryClient.<init>(DiscoveryClient.java:272)
	at org.springframework.cloud.netflix.eureka.CloudEurekaClient.<init>(CloudEurekaClient.java:67)
	at org.springframework.cloud.netflix.eureka.EurekaClientAutoConfiguration$RefreshableEurekaClientConfiguration.eurekaClient(EurekaClientAutoConfiguration.java:330)
	at org.springframework.cloud.netflix.eureka.EurekaClientAutoConfiguration$RefreshableEurekaClientConfiguration$$EnhancerBySpringCGLIB$$3fb9af72.CGLIB$eurekaClient$2(<generated>)
	at org.springframework.cloud.netflix.eureka.EurekaClientAutoConfiguration$RefreshableEurekaClientConfiguration$$EnhancerBySpringCGLIB$$3fb9af72$$FastClassBySpringCGLIB$$fac0acec.invoke(<generated>)
	at org.springframework.cglib.proxy.MethodProxy.invokeSuper(MethodProxy.java:244)
	at org.springframework.context.annotation.ConfigurationClassEnhancer$BeanMethodInterceptor.intercept(ConfigurationClassEnhancer.java:363)
	at org.springframework.cloud.netflix.eureka.EurekaClientAutoConfiguration$RefreshableEurekaClientConfiguration$$EnhancerBySpringCGLIB$$3fb9af72.eurekaClient(<generated>)
	at sun.reflect.NativeMethodAccessorImpl.invoke0(Native Method)
	at sun.reflect.NativeMethodAccessorImpl.invoke(NativeMethodAccessorImpl.java:62)
	at sun.reflect.DelegatingMethodAccessorImpl.invoke(DelegatingMethodAccessorImpl.java:43)
	at java.lang.reflect.Method.invoke(Method.java:498)
	at org.springframework.beans.factory.support.SimpleInstantiationStrategy.instantiate(SimpleInstantiationStrategy.java:154)
	at org.springframework.beans.factory.support.ConstructorResolver.instantiate(ConstructorResolver.java:622)
	at org.springframework.beans.factory.support.ConstructorResolver.instantiateUsingFactoryMethod(ConstructorResolver.java:607)
	at org.springframework.beans.factory.support.AbstractAutowireCapableBeanFactory.instantiateUsingFactoryMethod(AbstractAutowireCapableBeanFactory.java:1321)
	at org.springframework.beans.factory.support.AbstractAutowireCapableBeanFactory.createBeanInstance(AbstractAutowireCapableBeanFactory.java:1160)
	at org.springframework.beans.factory.support.AbstractAutowireCapableBeanFactory.doCreateBean(AbstractAutowireCapableBeanFactory.java:555)
	at org.springframework.beans.factory.support.AbstractAutowireCapableBeanFactory.createBean(AbstractAutowireCapableBeanFactory.java:515)
	at org.springframework.beans.factory.support.AbstractBeanFactory.lambda$doGetBean$1(AbstractBeanFactory.java:356)
	at org.springframework.cloud.context.scope.GenericScope$BeanLifecycleWrapper.getBean(GenericScope.java:389)
	at org.springframework.cloud.context.scope.GenericScope.get(GenericScope.java:186)
	at org.springframework.beans.factory.support.AbstractBeanFactory.doGetBean(AbstractBeanFactory.java:353)
	at org.springframework.beans.factory.support.AbstractBeanFactory.getBean(AbstractBeanFactory.java:199)
	at org.springframework.aop.target.SimpleBeanTargetSource.getTarget(SimpleBeanTargetSource.java:35)
	at org.springframework.aop.framework.JdkDynamicAopProxy.invoke(JdkDynamicAopProxy.java:192)
	at com.sun.proxy.$Proxy116.getApplications(Unknown Source)
	at org.springframework.cloud.netflix.eureka.server.EurekaServerAutoConfiguration.peerAwareInstanceRegistry(EurekaServerAutoConfiguration.java:145)
	at org.springframework.cloud.netflix.eureka.server.EurekaServerAutoConfiguration$$EnhancerBySpringCGLIB$$d1c9ba34.CGLIB$peerAwareInstanceRegistry$5(<generated>)
	at org.springframework.cloud.netflix.eureka.server.EurekaServerAutoConfiguration$$EnhancerBySpringCGLIB$$d1c9ba34$$FastClassBySpringCGLIB$$41269ca3.invoke(<generated>)
	at org.springframework.cglib.proxy.MethodProxy.invokeSuper(MethodProxy.java:244)
	at org.springframework.context.annotation.ConfigurationClassEnhancer$BeanMethodInterceptor.intercept(ConfigurationClassEnhancer.java:363)
	at org.springframework.cloud.netflix.eureka.server.EurekaServerAutoConfiguration$$EnhancerBySpringCGLIB$$d1c9ba34.peerAwareInstanceRegistry(<generated>)
	at sun.reflect.NativeMethodAccessorImpl.invoke0(Native Method)
	at sun.reflect.NativeMethodAccessorImpl.invoke(NativeMethodAccessorImpl.java:62)
	at sun.reflect.DelegatingMethodAccessorImpl.invoke(DelegatingMethodAccessorImpl.java:43)
	at java.lang.reflect.Method.invoke(Method.java:498)
	at org.springframework.beans.factory.support.SimpleInstantiationStrategy.instantiate(SimpleInstantiationStrategy.java:154)
	at org.springframework.beans.factory.support.ConstructorResolver.instantiate(ConstructorResolver.java:622)
	at org.springframework.beans.factory.support.ConstructorResolver.instantiateUsingFactoryMethod(ConstructorResolver.java:607)
	at org.springframework.beans.factory.support.AbstractAutowireCapableBeanFactory.instantiateUsingFactoryMethod(AbstractAutowireCapableBeanFactory.java:1321)
	at org.springframework.beans.factory.support.AbstractAutowireCapableBeanFactory.createBeanInstance(AbstractAutowireCapableBeanFactory.java:1160)
	at org.springframework.beans.factory.support.AbstractAutowireCapableBeanFactory.doCreateBean(AbstractAutowireCapableBeanFactory.java:555)
	at org.springframework.beans.factory.support.AbstractAutowireCapableBeanFactory.createBean(AbstractAutowireCapableBeanFactory.java:515)
	at org.springframework.beans.factory.support.AbstractBeanFactory.lambda$doGetBean$0(AbstractBeanFactory.java:320)
	at org.springframework.beans.factory.support.DefaultSingletonBeanRegistry.getSingleton(DefaultSingletonBeanRegistry.java:222)
	at org.springframework.beans.factory.support.AbstractBeanFactory.doGetBean(AbstractBeanFactory.java:318)
	at org.springframework.beans.factory.support.AbstractBeanFactory.getBean(AbstractBeanFactory.java:199)
	at org.springframework.beans.factory.config.DependencyDescriptor.resolveCandidate(DependencyDescriptor.java:277)
	at org.springframework.beans.factory.support.DefaultListableBeanFactory.doResolveDependency(DefaultListableBeanFactory.java:1251)
	at org.springframework.beans.factory.support.DefaultListableBeanFactory.resolveDependency(DefaultListableBeanFactory.java:1171)
	at org.springframework.beans.factory.support.ConstructorResolver.resolveAutowiredArgument(ConstructorResolver.java:857)
	at org.springframework.beans.factory.support.ConstructorResolver.createArgumentArray(ConstructorResolver.java:760)
	at org.springframework.beans.factory.support.ConstructorResolver.instantiateUsingFactoryMethod(ConstructorResolver.java:509)
	at org.springframework.beans.factory.support.AbstractAutowireCapableBeanFactory.instantiateUsingFactoryMethod(AbstractAutowireCapableBeanFactory.java:1321)
	at org.springframework.beans.factory.support.AbstractAutowireCapableBeanFactory.createBeanInstance(AbstractAutowireCapableBeanFactory.java:1160)
	at org.springframework.beans.factory.support.AbstractAutowireCapableBeanFactory.doCreateBean(AbstractAutowireCapableBeanFactory.java:555)
	at org.springframework.beans.factory.support.AbstractAutowireCapableBeanFactory.createBean(AbstractAutowireCapableBeanFactory.java:515)
	at org.springframework.beans.factory.support.AbstractBeanFactory.lambda$doGetBean$0(AbstractBeanFactory.java:320)
	at org.springframework.beans.factory.support.DefaultSingletonBeanRegistry.getSingleton(DefaultSingletonBeanRegistry.java:222)
	at org.springframework.beans.factory.support.AbstractBeanFactory.doGetBean(AbstractBeanFactory.java:318)
	at org.springframework.beans.factory.support.AbstractBeanFactory.getBean(AbstractBeanFactory.java:199)
	at org.springframework.beans.factory.config.DependencyDescriptor.resolveCandidate(DependencyDescriptor.java:277)
	at org.springframework.beans.factory.support.DefaultListableBeanFactory.doResolveDependency(DefaultListableBeanFactory.java:1251)
	at org.springframework.beans.factory.support.DefaultListableBeanFactory.resolveDependency(DefaultListableBeanFactory.java:1171)
	at org.springframework.beans.factory.annotation.AutowiredAnnotationBeanPostProcessor$AutowiredFieldElement.inject(AutowiredAnnotationBeanPostProcessor.java:593)
	at org.springframework.beans.factory.annotation.InjectionMetadata.inject(InjectionMetadata.java:90)
	at org.springframework.beans.factory.annotation.AutowiredAnnotationBeanPostProcessor.postProcessProperties(AutowiredAnnotationBeanPostProcessor.java:374)
	at org.springframework.beans.factory.support.AbstractAutowireCapableBeanFactory.populateBean(AbstractAutowireCapableBeanFactory.java:1411)
	at org.springframework.beans.factory.support.AbstractAutowireCapableBeanFactory.doCreateBean(AbstractAutowireCapableBeanFactory.java:592)
	at org.springframework.beans.factory.support.AbstractAutowireCapableBeanFactory.createBean(AbstractAutowireCapableBeanFactory.java:515)
	at org.springframework.beans.factory.support.AbstractBeanFactory.lambda$doGetBean$0(AbstractBeanFactory.java:320)
	at org.springframework.beans.factory.support.DefaultSingletonBeanRegistry.getSingleton(DefaultSingletonBeanRegistry.java:222)
	at org.springframework.beans.factory.support.AbstractBeanFactory.doGetBean(AbstractBeanFactory.java:318)
	at org.springframework.beans.factory.support.AbstractBeanFactory.getBean(AbstractBeanFactory.java:199)
	at org.springframework.beans.factory.support.DefaultListableBeanFactory.preInstantiateSingletons(DefaultListableBeanFactory.java:845)
	at org.springframework.context.support.AbstractApplicationContext.finishBeanFactoryInitialization(AbstractApplicationContext.java:877)
	at org.springframework.context.support.AbstractApplicationContext.refresh(AbstractApplicationContext.java:549)
	at org.springframework.boot.web.servlet.context.ServletWebServerApplicationContext.refresh(ServletWebServerApplicationContext.java:140)
	at org.springframework.boot.SpringApplication.refresh(SpringApplication.java:742)
	at org.springframework.boot.SpringApplication.refreshContext(SpringApplication.java:389)
	at org.springframework.boot.SpringApplication.run(SpringApplication.java:311)
	at org.springframework.boot.SpringApplication.run(SpringApplication.java:1213)
	at org.springframework.boot.SpringApplication.run(SpringApplication.java:1202)
	at com.cpm.m2m.EurekaServer.EurekaServerApplication.main(EurekaServerApplication.java:12)
	at sun.reflect.NativeMethodAccessorImpl.invoke0(Native Method)
	at sun.reflect.NativeMethodAccessorImpl.invoke(NativeMethodAccessorImpl.java:62)
	at sun.reflect.DelegatingMethodAccessorImpl.invoke(DelegatingMethodAccessorImpl.java:43)
	at java.lang.reflect.Method.invoke(Method.java:498)
	at org.springframework.boot.maven.AbstractRunMojo$LaunchRunner.run(AbstractRunMojo.java:542)
	at java.lang.Thread.run(Thread.java:745)
Caused by: java.net.ConnectException: Connection refused: connect
	at java.net.DualStackPlainSocketImpl.waitForConnect(Native Method)
	at java.net.DualStackPlainSocketImpl.socketConnect(DualStackPlainSocketImpl.java:85)
	at java.net.AbstractPlainSocketImpl.doConnect(AbstractPlainSocketImpl.java:350)
	at java.net.AbstractPlainSocketImpl.connectToAddress(AbstractPlainSocketImpl.java:206)
	at java.net.AbstractPlainSocketImpl.connect(AbstractPlainSocketImpl.java:188)
	at java.net.PlainSocketImpl.connect(PlainSocketImpl.java:172)
	at java.net.SocksSocketImpl.connect(SocksSocketImpl.java:392)
	at java.net.Socket.connect(Socket.java:589)
	at org.apache.http.conn.scheme.PlainSocketFactory.connectSocket(PlainSocketFactory.java:121)
	at org.apache.http.impl.conn.DefaultClientConnectionOperator.openConnection(DefaultClientConnectionOperator.java:180)
	at org.apache.http.impl.conn.AbstractPoolEntry.open(AbstractPoolEntry.java:144)
	at org.apache.http.impl.conn.AbstractPooledConnAdapter.open(AbstractPooledConnAdapter.java:134)
	at org.apache.http.impl.client.DefaultRequestDirector.tryConnect(DefaultRequestDirector.java:605)
	at org.apache.http.impl.client.DefaultRequestDirector.execute(DefaultRequestDirector.java:440)
	at org.apache.http.impl.client.AbstractHttpClient.doExecute(AbstractHttpClient.java:835)
	at org.apache.http.impl.client.CloseableHttpClient.execute(CloseableHttpClient.java:118)
	at org.apache.http.impl.client.CloseableHttpClient.execute(CloseableHttpClient.java:56)
	at com.sun.jersey.client.apache4.ApacheHttpClient4Handler.handle(ApacheHttpClient4Handler.java:173)
	... 116 common frames omitted
FILE_LOG_PATTERN_IS_UNDEFINEDFILE_LOG_PATTERN_IS_UNDEFINEDcom.netflix.discovery.shared.transport.TransportException: Cannot execute request on any known server
	at com.netflix.discovery.shared.transport.decorator.RetryableEurekaHttpClient.execute(RetryableEurekaHttpClient.java:112)
	at com.netflix.discovery.shared.transport.decorator.EurekaHttpClientDecorator.getApplications(EurekaHttpClientDecorator.java:134)
	at com.netflix.discovery.shared.transport.decorator.EurekaHttpClientDecorator$6.execute(EurekaHttpClientDecorator.java:137)
	at com.netflix.discovery.shared.transport.decorator.SessionedEurekaHttpClient.execute(SessionedEurekaHttpClient.java:77)
	at com.netflix.discovery.shared.transport.decorator.EurekaHttpClientDecorator.getApplications(EurekaHttpClientDecorator.java:134)
	at com.netflix.discovery.DiscoveryClient.getAndStoreFullRegistry(DiscoveryClient.java:1069)
	at com.netflix.discovery.DiscoveryClient.fetchRegistry(DiscoveryClient.java:983)
	at com.netflix.discovery.DiscoveryClient.<init>(DiscoveryClient.java:430)
	at com.netflix.discovery.DiscoveryClient.<init>(DiscoveryClient.java:276)
	at com.netflix.discovery.DiscoveryClient.<init>(DiscoveryClient.java:272)
	at org.springframework.cloud.netflix.eureka.CloudEurekaClient.<init>(CloudEurekaClient.java:67)
	at org.springframework.cloud.netflix.eureka.EurekaClientAutoConfiguration$RefreshableEurekaClientConfiguration.eurekaClient(EurekaClientAutoConfiguration.java:330)
	at org.springframework.cloud.netflix.eureka.EurekaClientAutoConfiguration$RefreshableEurekaClientConfiguration$$EnhancerBySpringCGLIB$$3fb9af72.CGLIB$eurekaClient$2(<generated>)
	at org.springframework.cloud.netflix.eureka.EurekaClientAutoConfiguration$RefreshableEurekaClientConfiguration$$EnhancerBySpringCGLIB$$3fb9af72$$FastClassBySpringCGLIB$$fac0acec.invoke(<generated>)
	at org.springframework.cglib.proxy.MethodProxy.invokeSuper(MethodProxy.java:244)
	at org.springframework.context.annotation.ConfigurationClassEnhancer$BeanMethodInterceptor.intercept(ConfigurationClassEnhancer.java:363)
	at org.springframework.cloud.netflix.eureka.EurekaClientAutoConfiguration$RefreshableEurekaClientConfiguration$$EnhancerBySpringCGLIB$$3fb9af72.eurekaClient(<generated>)
	at sun.reflect.NativeMethodAccessorImpl.invoke0(Native Method)
	at sun.reflect.NativeMethodAccessorImpl.invoke(NativeMethodAccessorImpl.java:62)
	at sun.reflect.DelegatingMethodAccessorImpl.invoke(DelegatingMethodAccessorImpl.java:43)
	at java.lang.reflect.Method.invoke(Method.java:498)
	at org.springframework.beans.factory.support.SimpleInstantiationStrategy.instantiate(SimpleInstantiationStrategy.java:154)
	at org.springframework.beans.factory.support.ConstructorResolver.instantiate(ConstructorResolver.java:622)
	at org.springframework.beans.factory.support.ConstructorResolver.instantiateUsingFactoryMethod(ConstructorResolver.java:607)
	at org.springframework.beans.factory.support.AbstractAutowireCapableBeanFactory.instantiateUsingFactoryMethod(AbstractAutowireCapableBeanFactory.java:1321)
	at org.springframework.beans.factory.support.AbstractAutowireCapableBeanFactory.createBeanInstance(AbstractAutowireCapableBeanFactory.java:1160)
	at org.springframework.beans.factory.support.AbstractAutowireCapableBeanFactory.doCreateBean(AbstractAutowireCapableBeanFactory.java:555)
	at org.springframework.beans.factory.support.AbstractAutowireCapableBeanFactory.createBean(AbstractAutowireCapableBeanFactory.java:515)
	at org.springframework.beans.factory.support.AbstractBeanFactory.lambda$doGetBean$1(AbstractBeanFactory.java:356)
	at org.springframework.cloud.context.scope.GenericScope$BeanLifecycleWrapper.getBean(GenericScope.java:389)
	at org.springframework.cloud.context.scope.GenericScope.get(GenericScope.java:186)
	at org.springframework.beans.factory.support.AbstractBeanFactory.doGetBean(AbstractBeanFactory.java:353)
	at org.springframework.beans.factory.support.AbstractBeanFactory.getBean(AbstractBeanFactory.java:199)
	at org.springframework.aop.target.SimpleBeanTargetSource.getTarget(SimpleBeanTargetSource.java:35)
	at org.springframework.aop.framework.JdkDynamicAopProxy.invoke(JdkDynamicAopProxy.java:192)
	at com.sun.proxy.$Proxy116.getApplications(Unknown Source)
	at org.springframework.cloud.netflix.eureka.server.EurekaServerAutoConfiguration.peerAwareInstanceRegistry(EurekaServerAutoConfiguration.java:145)
	at org.springframework.cloud.netflix.eureka.server.EurekaServerAutoConfiguration$$EnhancerBySpringCGLIB$$d1c9ba34.CGLIB$peerAwareInstanceRegistry$5(<generated>)
	at org.springframework.cloud.netflix.eureka.server.EurekaServerAutoConfiguration$$EnhancerBySpringCGLIB$$d1c9ba34$$FastClassBySpringCGLIB$$41269ca3.invoke(<generated>)
	at org.springframework.cglib.proxy.MethodProxy.invokeSuper(MethodProxy.java:244)
	at org.springframework.context.annotation.ConfigurationClassEnhancer$BeanMethodInterceptor.intercept(ConfigurationClassEnhancer.java:363)
	at org.springframework.cloud.netflix.eureka.server.EurekaServerAutoConfiguration$$EnhancerBySpringCGLIB$$d1c9ba34.peerAwareInstanceRegistry(<generated>)
	at sun.reflect.NativeMethodAccessorImpl.invoke0(Native Method)
	at sun.reflect.NativeMethodAccessorImpl.invoke(NativeMethodAccessorImpl.java:62)
	at sun.reflect.DelegatingMethodAccessorImpl.invoke(DelegatingMethodAccessorImpl.java:43)
	at java.lang.reflect.Method.invoke(Method.java:498)
	at org.springframework.beans.factory.support.SimpleInstantiationStrategy.instantiate(SimpleInstantiationStrategy.java:154)
	at org.springframework.beans.factory.support.ConstructorResolver.instantiate(ConstructorResolver.java:622)
	at org.springframework.beans.factory.support.ConstructorResolver.instantiateUsingFactoryMethod(ConstructorResolver.java:607)
	at org.springframework.beans.factory.support.AbstractAutowireCapableBeanFactory.instantiateUsingFactoryMethod(AbstractAutowireCapableBeanFactory.java:1321)
	at org.springframework.beans.factory.support.AbstractAutowireCapableBeanFactory.createBeanInstance(AbstractAutowireCapableBeanFactory.java:1160)
	at org.springframework.beans.factory.support.AbstractAutowireCapableBeanFactory.doCreateBean(AbstractAutowireCapableBeanFactory.java:555)
	at org.springframework.beans.factory.support.AbstractAutowireCapableBeanFactory.createBean(AbstractAutowireCapableBeanFactory.java:515)
	at org.springframework.beans.factory.support.AbstractBeanFactory.lambda$doGetBean$0(AbstractBeanFactory.java:320)
	at org.springframework.beans.factory.support.DefaultSingletonBeanRegistry.getSingleton(DefaultSingletonBeanRegistry.java:222)
	at org.springframework.beans.factory.support.AbstractBeanFactory.doGetBean(AbstractBeanFactory.java:318)
	at org.springframework.beans.factory.support.AbstractBeanFactory.getBean(AbstractBeanFactory.java:199)
	at org.springframework.beans.factory.config.DependencyDescriptor.resolveCandidate(DependencyDescriptor.java:277)
	at org.springframework.beans.factory.support.DefaultListableBeanFactory.doResolveDependency(DefaultListableBeanFactory.java:1251)
	at org.springframework.beans.factory.support.DefaultListableBeanFactory.resolveDependency(DefaultListableBeanFactory.java:1171)
	at org.springframework.beans.factory.support.ConstructorResolver.resolveAutowiredArgument(ConstructorResolver.java:857)
	at org.springframework.beans.factory.support.ConstructorResolver.createArgumentArray(ConstructorResolver.java:760)
	at org.springframework.beans.factory.support.ConstructorResolver.instantiateUsingFactoryMethod(ConstructorResolver.java:509)
	at org.springframework.beans.factory.support.AbstractAutowireCapableBeanFactory.instantiateUsingFactoryMethod(AbstractAutowireCapableBeanFactory.java:1321)
	at org.springframework.beans.factory.support.AbstractAutowireCapableBeanFactory.createBeanInstance(AbstractAutowireCapableBeanFactory.java:1160)
	at org.springframework.beans.factory.support.AbstractAutowireCapableBeanFactory.doCreateBean(AbstractAutowireCapableBeanFactory.java:555)
	at org.springframework.beans.factory.support.AbstractAutowireCapableBeanFactory.createBean(AbstractAutowireCapableBeanFactory.java:515)
	at org.springframework.beans.factory.support.AbstractBeanFactory.lambda$doGetBean$0(AbstractBeanFactory.java:320)
	at org.springframework.beans.factory.support.DefaultSingletonBeanRegistry.getSingleton(DefaultSingletonBeanRegistry.java:222)
	at org.springframework.beans.factory.support.AbstractBeanFactory.doGetBean(AbstractBeanFactory.java:318)
	at org.springframework.beans.factory.support.AbstractBeanFactory.getBean(AbstractBeanFactory.java:199)
	at org.springframework.beans.factory.config.DependencyDescriptor.resolveCandidate(DependencyDescriptor.java:277)
	at org.springframework.beans.factory.support.DefaultListableBeanFactory.doResolveDependency(DefaultListableBeanFactory.java:1251)
	at org.springframework.beans.factory.support.DefaultListableBeanFactory.resolveDependency(DefaultListableBeanFactory.java:1171)
	at org.springframework.beans.factory.annotation.AutowiredAnnotationBeanPostProcessor$AutowiredFieldElement.inject(AutowiredAnnotationBeanPostProcessor.java:593)
	at org.springframework.beans.factory.annotation.InjectionMetadata.inject(InjectionMetadata.java:90)
	at org.springframework.beans.factory.annotation.AutowiredAnnotationBeanPostProcessor.postProcessProperties(AutowiredAnnotationBeanPostProcessor.java:374)
	at org.springframework.beans.factory.support.AbstractAutowireCapableBeanFactory.populateBean(AbstractAutowireCapableBeanFactory.java:1411)
	at org.springframework.beans.factory.support.AbstractAutowireCapableBeanFactory.doCreateBean(AbstractAutowireCapableBeanFactory.java:592)
	at org.springframework.beans.factory.support.AbstractAutowireCapableBeanFactory.createBean(AbstractAutowireCapableBeanFactory.java:515)
	at org.springframework.beans.factory.support.AbstractBeanFactory.lambda$doGetBean$0(AbstractBeanFactory.java:320)
	at org.springframework.beans.factory.support.DefaultSingletonBeanRegistry.getSingleton(DefaultSingletonBeanRegistry.java:222)
	at org.springframework.beans.factory.support.AbstractBeanFactory.doGetBean(AbstractBeanFactory.java:318)
	at org.springframework.beans.factory.support.AbstractBeanFactory.getBean(AbstractBeanFactory.java:199)
	at org.springframework.beans.factory.support.DefaultListableBeanFactory.preInstantiateSingletons(DefaultListableBeanFactory.java:845)
	at org.springframework.context.support.AbstractApplicationContext.finishBeanFactoryInitialization(AbstractApplicationContext.java:877)
	at org.springframework.context.support.AbstractApplicationContext.refresh(AbstractApplicationContext.java:549)
	at org.springframework.boot.web.servlet.context.ServletWebServerApplicationContext.refresh(ServletWebServerApplicationContext.java:140)
	at org.springframework.boot.SpringApplication.refresh(SpringApplication.java:742)
	at org.springframework.boot.SpringApplication.refreshContext(SpringApplication.java:389)
	at org.springframework.boot.SpringApplication.run(SpringApplication.java:311)
	at org.springframework.boot.SpringApplication.run(SpringApplication.java:1213)
	at org.springframework.boot.SpringApplication.run(SpringApplication.java:1202)
	at com.cpm.m2m.EurekaServer.EurekaServerApplication.main(EurekaServerApplication.java:12)
	at sun.reflect.NativeMethodAccessorImpl.invoke0(Native Method)
	at sun.reflect.NativeMethodAccessorImpl.invoke(NativeMethodAccessorImpl.java:62)
	at sun.reflect.DelegatingMethodAccessorImpl.invoke(DelegatingMethodAccessorImpl.java:43)
	at java.lang.reflect.Method.invoke(Method.java:498)
	at org.springframework.boot.maven.AbstractRunMojo$LaunchRunner.run(AbstractRunMojo.java:542)
	at java.lang.Thread.run(Thread.java:745)
FILE_LOG_PATTERN_IS_UNDEFINEDFILE_LOG_PATTERN_IS_UNDEFINEDFILE_LOG_PATTERN_IS_UNDEFINEDFILE_LOG_PATTERN_IS_UNDEFINEDFILE_LOG_PATTERN_IS_UNDEFINEDFILE_LOG_PATTERN_IS_UNDEFINEDFILE_LOG_PATTERN_IS_UNDEFINEDFILE_LOG_PATTERN_IS_UNDEFINEDFILE_LOG_PATTERN_IS_UNDEFINEDFILE_LOG_PATTERN_IS_UNDEFINEDFILE_LOG_PATTERN_IS_UNDEFINEDFILE_LOG_PATTERN_IS_UNDEFINEDFILE_LOG_PATTERN_IS_UNDEFINEDFILE_LOG_PATTERN_IS_UNDEFINEDFILE_LOG_PATTERN_IS_UNDEFINEDFILE_LOG_PATTERN_IS_UNDEFINEDFILE_LOG_PATTERN_IS_UNDEFINEDFILE_LOG_PATTERN_IS_UNDEFINEDFILE_LOG_PATTERN_IS_UNDEFINEDFILE_LOG_PATTERN_IS_UNDEFINEDFILE_LOG_PATTERN_IS_UNDEFINEDFILE_LOG_PATTERN_IS_UNDEFINEDFILE_LOG_PATTERN_IS_UNDEFINEDFILE_LOG_PATTERN_IS_UNDEFINEDFILE_LOG_PATTERN_IS_UNDEFINEDFILE_LOG_PATTERN_IS_UNDEFINEDFILE_LOG_PATTERN_IS_UNDEFINEDFILE_LOG_PATTERN_IS_UNDEFINEDFILE_LOG_PATTERN_IS_UNDEFINEDFILE_LOG_PATTERN_IS_UNDEFINEDFILE_LOG_PATTERN_IS_UNDEFINEDFILE_LOG_PATTERN_IS_UNDEFINEDFILE_LOG_PATTERN_IS_UNDEFINEDFILE_LOG_PATTERN_IS_UNDEFINEDFILE_LOG_PATTERN_IS_UNDEFINEDFILE_LOG_PATTERN_IS_UNDEFINEDFILE_LOG_PATTERN_IS_UNDEFINEDFILE_LOG_PATTERN_IS_UNDEFINEDFILE_LOG_PATTERN_IS_UNDEFINEDFILE_LOG_PATTERN_IS_UNDEFINEDFILE_LOG_PATTERN_IS_UNDEFINEDFILE_LOG_PATTERN_IS_UNDEFINEDFILE_LOG_PATTERN_IS_UNDEFINEDFILE_LOG_PATTERN_IS_UNDEFINEDFILE_LOG_PATTERN_IS_UNDEFINEDFILE_LOG_PATTERN_IS_UNDEFINEDFILE_LOG_PATTERN_IS_UNDEFINEDFILE_LOG_PATTERN_IS_UNDEFINEDFILE_LOG_PATTERN_IS_UNDEFINEDFILE_LOG_PATTERN_IS_UNDEFINEDFILE_LOG_PATTERN_IS_UNDEFINEDFILE_LOG_PATTERN_IS_UNDEFINEDFILE_LOG_PATTERN_IS_UNDEFINEDFILE_LOG_PATTERN_IS_UNDEFINEDFILE_LOG_PATTERN_IS_UNDEFINEDFILE_LOG_PATTERN_IS_UNDEFINEDFILE_LOG_PATTERN_IS_UNDEFINEDFILE_LOG_PATTERN_IS_UNDEFINEDFILE_LOG_PATTERN_IS_UNDEFINEDFILE_LOG_PATTERN_IS_UNDEFINEDFILE_LOG_PATTERN_IS_UNDEFINEDFILE_LOG_PATTERN_IS_UNDEFINEDFILE_LOG_PATTERN_IS_UNDEFINEDFILE_LOG_PATTERN_IS_UNDEFINEDFILE_LOG_PATTERN_IS_UNDEFINEDFILE_LOG_PATTERN_IS_UNDEFINEDFILE_LOG_PATTERN_IS_UNDEFINEDFILE_LOG_PATTERN_IS_UNDEFINEDFILE_LOG_PATTERN_IS_UNDEFINEDFILE_LOG_PATTERN_IS_UNDEFINEDFILE_LOG_PATTERN_IS_UNDEFINEDFILE_LOG_PATTERN_IS_UNDEFINEDFILE_LOG_PATTERN_IS_UNDEFINEDFILE_LOG_PATTERN_IS_UNDEFINEDFILE_LOG_PATTERN_IS_UNDEFINEDFILE_LOG_PATTERN_IS_UNDEFINEDFILE_LOG_PATTERN_IS_UNDEFINEDFILE_LOG_PATTERN_IS_UNDEFINEDFILE_LOG_PATTERN_IS_UNDEFINEDFILE_LOG_PATTERN_IS_UNDEFINEDFILE_LOG_PATTERN_IS_UNDEFINEDcom.sun.jersey.api.client.ClientHandlerException: java.net.ConnectException: Connection refused: connect
	at com.sun.jersey.client.apache4.ApacheHttpClient4Handler.handle(ApacheHttpClient4Handler.java:187)
	at com.sun.jersey.api.client.filter.GZIPContentEncodingFilter.handle(GZIPContentEncodingFilter.java:123)
	at com.netflix.discovery.EurekaIdentityHeaderFilter.handle(EurekaIdentityHeaderFilter.java:27)
	at com.sun.jersey.api.client.Client.handle(Client.java:652)
	at com.sun.jersey.api.client.WebResource.handle(WebResource.java:682)
	at com.sun.jersey.api.client.WebResource.access$200(WebResource.java:74)
	at com.sun.jersey.api.client.WebResource$Builder.post(WebResource.java:570)
	at com.netflix.discovery.shared.transport.jersey.AbstractJerseyEurekaHttpClient.register(AbstractJerseyEurekaHttpClient.java:56)
	at com.netflix.discovery.shared.transport.decorator.EurekaHttpClientDecorator$1.execute(EurekaHttpClientDecorator.java:59)
	at com.netflix.discovery.shared.transport.decorator.MetricsCollectingEurekaHttpClient.execute(MetricsCollectingEurekaHttpClient.java:73)
	at com.netflix.discovery.shared.transport.decorator.EurekaHttpClientDecorator.register(EurekaHttpClientDecorator.java:56)
	at com.netflix.discovery.shared.transport.decorator.EurekaHttpClientDecorator$1.execute(EurekaHttpClientDecorator.java:59)
	at com.netflix.discovery.shared.transport.decorator.RedirectingEurekaHttpClient.executeOnNewServer(RedirectingEurekaHttpClient.java:118)
	at com.netflix.discovery.shared.transport.decorator.RedirectingEurekaHttpClient.execute(RedirectingEurekaHttpClient.java:79)
	at com.netflix.discovery.shared.transport.decorator.EurekaHttpClientDecorator.register(EurekaHttpClientDecorator.java:56)
	at com.netflix.discovery.shared.transport.decorator.EurekaHttpClientDecorator$1.execute(EurekaHttpClientDecorator.java:59)
	at com.netflix.discovery.shared.transport.decorator.RetryableEurekaHttpClient.execute(RetryableEurekaHttpClient.java:120)
	at com.netflix.discovery.shared.transport.decorator.EurekaHttpClientDecorator.register(EurekaHttpClientDecorator.java:56)
	at com.netflix.discovery.shared.transport.decorator.EurekaHttpClientDecorator$1.execute(EurekaHttpClientDecorator.java:59)
	at com.netflix.discovery.shared.transport.decorator.SessionedEurekaHttpClient.execute(SessionedEurekaHttpClient.java:77)
	at com.netflix.discovery.shared.transport.decorator.EurekaHttpClientDecorator.register(EurekaHttpClientDecorator.java:56)
	at com.netflix.discovery.DiscoveryClient.register(DiscoveryClient.java:847)
	at com.netflix.discovery.InstanceInfoReplicator.run(InstanceInfoReplicator.java:121)
	at com.netflix.discovery.InstanceInfoReplicator$1.run(InstanceInfoReplicator.java:101)
	at java.util.concurrent.Executors$RunnableAdapter.call(Executors.java:511)
	at java.util.concurrent.FutureTask.run(FutureTask.java:266)
	at java.util.concurrent.ScheduledThreadPoolExecutor$ScheduledFutureTask.access$201(ScheduledThreadPoolExecutor.java:180)
	at java.util.concurrent.ScheduledThreadPoolExecutor$ScheduledFutureTask.run(ScheduledThreadPoolExecutor.java:293)
	at java.util.concurrent.ThreadPoolExecutor.runWorker(ThreadPoolExecutor.java:1142)
	at java.util.concurrent.ThreadPoolExecutor$Worker.run(ThreadPoolExecutor.java:617)
	at java.lang.Thread.run(Thread.java:745)
Caused by: java.net.ConnectException: Connection refused: connect
	at java.net.DualStackPlainSocketImpl.waitForConnect(Native Method)
	at java.net.DualStackPlainSocketImpl.socketConnect(DualStackPlainSocketImpl.java:85)
	at java.net.AbstractPlainSocketImpl.doConnect(AbstractPlainSocketImpl.java:350)
	at java.net.AbstractPlainSocketImpl.connectToAddress(AbstractPlainSocketImpl.java:206)
	at java.net.AbstractPlainSocketImpl.connect(AbstractPlainSocketImpl.java:188)
	at java.net.PlainSocketImpl.connect(PlainSocketImpl.java:172)
	at java.net.SocksSocketImpl.connect(SocksSocketImpl.java:392)
	at java.net.Socket.connect(Socket.java:589)
	at org.apache.http.conn.scheme.PlainSocketFactory.connectSocket(PlainSocketFactory.java:121)
	at org.apache.http.impl.conn.DefaultClientConnectionOperator.openConnection(DefaultClientConnectionOperator.java:180)
	at org.apache.http.impl.conn.AbstractPoolEntry.open(AbstractPoolEntry.java:144)
	at org.apache.http.impl.conn.AbstractPooledConnAdapter.open(AbstractPooledConnAdapter.java:134)
	at org.apache.http.impl.client.DefaultRequestDirector.tryConnect(DefaultRequestDirector.java:605)
	at org.apache.http.impl.client.DefaultRequestDirector.execute(DefaultRequestDirector.java:440)
	at org.apache.http.impl.client.AbstractHttpClient.doExecute(AbstractHttpClient.java:835)
	at org.apache.http.impl.client.CloseableHttpClient.execute(CloseableHttpClient.java:118)
	at org.apache.http.impl.client.CloseableHttpClient.execute(CloseableHttpClient.java:56)
	at com.sun.jersey.client.apache4.ApacheHttpClient4Handler.handle(ApacheHttpClient4Handler.java:173)
	... 30 common frames omitted
FILE_LOG_PATTERN_IS_UNDEFINEDFILE_LOG_PATTERN_IS_UNDEFINEDcom.netflix.discovery.shared.transport.TransportException: Cannot execute request on any known server
	at com.netflix.discovery.shared.transport.decorator.RetryableEurekaHttpClient.execute(RetryableEurekaHttpClient.java:112)
	at com.netflix.discovery.shared.transport.decorator.EurekaHttpClientDecorator.register(EurekaHttpClientDecorator.java:56)
	at com.netflix.discovery.shared.transport.decorator.EurekaHttpClientDecorator$1.execute(EurekaHttpClientDecorator.java:59)
	at com.netflix.discovery.shared.transport.decorator.SessionedEurekaHttpClient.execute(SessionedEurekaHttpClient.java:77)
	at com.netflix.discovery.shared.transport.decorator.EurekaHttpClientDecorator.register(EurekaHttpClientDecorator.java:56)
	at com.netflix.discovery.DiscoveryClient.register(DiscoveryClient.java:847)
	at com.netflix.discovery.InstanceInfoReplicator.run(InstanceInfoReplicator.java:121)
	at com.netflix.discovery.InstanceInfoReplicator$1.run(InstanceInfoReplicator.java:101)
	at java.util.concurrent.Executors$RunnableAdapter.call(Executors.java:511)
	at java.util.concurrent.FutureTask.run(FutureTask.java:266)
	at java.util.concurrent.ScheduledThreadPoolExecutor$ScheduledFutureTask.access$201(ScheduledThreadPoolExecutor.java:180)
	at java.util.concurrent.ScheduledThreadPoolExecutor$ScheduledFutureTask.run(ScheduledThreadPoolExecutor.java:293)
	at java.util.concurrent.ThreadPoolExecutor.runWorker(ThreadPoolExecutor.java:1142)
	at java.util.concurrent.ThreadPoolExecutor$Worker.run(ThreadPoolExecutor.java:617)
	at java.lang.Thread.run(Thread.java:745)
FILE_LOG_PATTERN_IS_UNDEFINEDcom.netflix.discovery.shared.transport.TransportException: Cannot execute request on any known server
	at com.netflix.discovery.shared.transport.decorator.RetryableEurekaHttpClient.execute(RetryableEurekaHttpClient.java:112)
	at com.netflix.discovery.shared.transport.decorator.EurekaHttpClientDecorator.register(EurekaHttpClientDecorator.java:56)
	at com.netflix.discovery.shared.transport.decorator.EurekaHttpClientDecorator$1.execute(EurekaHttpClientDecorator.java:59)
	at com.netflix.discovery.shared.transport.decorator.SessionedEurekaHttpClient.execute(SessionedEurekaHttpClient.java:77)
	at com.netflix.discovery.shared.transport.decorator.EurekaHttpClientDecorator.register(EurekaHttpClientDecorator.java:56)
	at com.netflix.discovery.DiscoveryClient.register(DiscoveryClient.java:847)
	at com.netflix.discovery.InstanceInfoReplicator.run(InstanceInfoReplicator.java:121)
	at com.netflix.discovery.InstanceInfoReplicator$1.run(InstanceInfoReplicator.java:101)
	at java.util.concurrent.Executors$RunnableAdapter.call(Executors.java:511)
	at java.util.concurrent.FutureTask.run(FutureTask.java:266)
	at java.util.concurrent.ScheduledThreadPoolExecutor$ScheduledFutureTask.access$201(ScheduledThreadPoolExecutor.java:180)
	at java.util.concurrent.ScheduledThreadPoolExecutor$ScheduledFutureTask.run(ScheduledThreadPoolExecutor.java:293)
	at java.util.concurrent.ThreadPoolExecutor.runWorker(ThreadPoolExecutor.java:1142)
	at java.util.concurrent.ThreadPoolExecutor$Worker.run(ThreadPoolExecutor.java:617)
	at java.lang.Thread.run(Thread.java:745)
FILE_LOG_PATTERN_IS_UNDEFINEDFILE_LOG_PATTERN_IS_UNDEFINEDFILE_LOG_PATTERN_IS_UNDEFINEDFILE_LOG_PATTERN_IS_UNDEFINEDFILE_LOG_PATTERN_IS_UNDEFINEDFILE_LOG_PATTERN_IS_UNDEFINEDFILE_LOG_PATTERN_IS_UNDEFINEDFILE_LOG_PATTERN_IS_UNDEFINEDFILE_LOG_PATTERN_IS_UNDEFINEDFILE_LOG_PATTERN_IS_UNDEFINEDFILE_LOG_PATTERN_IS_UNDEFINEDFILE_LOG_PATTERN_IS_UNDEFINEDFILE_LOG_PATTERN_IS_UNDEFINEDFILE_LOG_PATTERN_IS_UNDEFINEDFILE_LOG_PATTERN_IS_UNDEFINEDFILE_LOG_PATTERN_IS_UNDEFINEDFILE_LOG_PATTERN_IS_UNDEFINEDFILE_LOG_PATTERN_IS_UNDEFINEDFILE_LOG_PATTERN_IS_UNDEFINEDFILE_LOG_PATTERN_IS_UNDEFINEDFILE_LOG_PATTERN_IS_UNDEFINEDFILE_LOG_PATTERN_IS_UNDEFINEDFILE_LOG_PATTERN_IS_UNDEFINEDFILE_LOG_PATTERN_IS_UNDEFINEDFILE_LOG_PATTERN_IS_UNDEFINEDFILE_LOG_PATTERN_IS_UNDEFINEDFILE_LOG_PATTERN_IS_UNDEFINEDFILE_LOG_PATTERN_IS_UNDEFINEDFILE_LOG_PATTERN_IS_UNDEFINEDFILE_LOG_PATTERN_IS_UNDEFINEDFILE_LOG_PATTERN_IS_UNDEFINEDFILE_LOG_PATTERN_IS_UNDEFINEDFILE_LOG_PATTERN_IS_UNDEFINEDFILE_LOG_PATTERN_IS_UNDEFINEDFILE_LOG_PATTERN_IS_UNDEFINEDFILE_LOG_PATTERN_IS_UNDEFINEDFILE_LOG_PATTERN_IS_UNDEFINEDFILE_LOG_PATTERN_IS_UNDEFINEDFILE_LOG_PATTERN_IS_UNDEFINEDFILE_LOG_PATTERN_IS_UNDEFINEDFILE_LOG_PATTERN_IS_UNDEFINEDFILE_LOG_PATTERN_IS_UNDEFINEDFILE_LOG_PATTERN_IS_UNDEFINEDFILE_LOG_PATTERN_IS_UNDEFINEDFILE_LOG_PATTERN_IS_UNDEFINEDFILE_LOG_PATTERN_IS_UNDEFINEDFILE_LOG_PATTERN_IS_UNDEFINEDFILE_LOG_PATTERN_IS_UNDEFINEDFILE_LOG_PATTERN_IS_UNDEFINEDFILE_LOG_PATTERN_IS_UNDEFINEDcom.sun.jersey.api.client.ClientHandlerException: java.net.ConnectException: Connection refused: connect
	at com.sun.jersey.client.apache4.ApacheHttpClient4Handler.handle(ApacheHttpClient4Handler.java:187)
	at com.sun.jersey.api.client.filter.GZIPContentEncodingFilter.handle(GZIPContentEncodingFilter.java:123)
	at com.netflix.discovery.EurekaIdentityHeaderFilter.handle(EurekaIdentityHeaderFilter.java:27)
	at com.sun.jersey.api.client.Client.handle(Client.java:652)
	at com.sun.jersey.api.client.WebResource.handle(WebResource.java:682)
	at com.sun.jersey.api.client.WebResource.access$200(WebResource.java:74)
	at com.sun.jersey.api.client.WebResource$Builder.post(WebResource.java:570)
	at com.netflix.discovery.shared.transport.jersey.AbstractJerseyEurekaHttpClient.register(AbstractJerseyEurekaHttpClient.java:56)
	at com.netflix.discovery.shared.transport.decorator.EurekaHttpClientDecorator$1.execute(EurekaHttpClientDecorator.java:59)
	at com.netflix.discovery.shared.transport.decorator.MetricsCollectingEurekaHttpClient.execute(MetricsCollectingEurekaHttpClient.java:73)
	at com.netflix.discovery.shared.transport.decorator.EurekaHttpClientDecorator.register(EurekaHttpClientDecorator.java:56)
	at com.netflix.discovery.shared.transport.decorator.EurekaHttpClientDecorator$1.execute(EurekaHttpClientDecorator.java:59)
	at com.netflix.discovery.shared.transport.decorator.RedirectingEurekaHttpClient.executeOnNewServer(RedirectingEurekaHttpClient.java:118)
	at com.netflix.discovery.shared.transport.decorator.RedirectingEurekaHttpClient.execute(RedirectingEurekaHttpClient.java:79)
	at com.netflix.discovery.shared.transport.decorator.EurekaHttpClientDecorator.register(EurekaHttpClientDecorator.java:56)
	at com.netflix.discovery.shared.transport.decorator.EurekaHttpClientDecorator$1.execute(EurekaHttpClientDecorator.java:59)
	at com.netflix.discovery.shared.transport.decorator.RetryableEurekaHttpClient.execute(RetryableEurekaHttpClient.java:120)
	at com.netflix.discovery.shared.transport.decorator.EurekaHttpClientDecorator.register(EurekaHttpClientDecorator.java:56)
	at com.netflix.discovery.shared.transport.decorator.EurekaHttpClientDecorator$1.execute(EurekaHttpClientDecorator.java:59)
	at com.netflix.discovery.shared.transport.decorator.SessionedEurekaHttpClient.execute(SessionedEurekaHttpClient.java:77)
	at com.netflix.discovery.shared.transport.decorator.EurekaHttpClientDecorator.register(EurekaHttpClientDecorator.java:56)
	at com.netflix.discovery.DiscoveryClient.register(DiscoveryClient.java:847)
	at com.netflix.discovery.InstanceInfoReplicator.run(InstanceInfoReplicator.java:121)
	at com.netflix.discovery.InstanceInfoReplicator$1.run(InstanceInfoReplicator.java:101)
	at java.util.concurrent.Executors$RunnableAdapter.call(Executors.java:511)
	at java.util.concurrent.FutureTask.run(FutureTask.java:266)
	at java.util.concurrent.ScheduledThreadPoolExecutor$ScheduledFutureTask.access$201(ScheduledThreadPoolExecutor.java:180)
	at java.util.concurrent.ScheduledThreadPoolExecutor$ScheduledFutureTask.run(ScheduledThreadPoolExecutor.java:293)
	at java.util.concurrent.ThreadPoolExecutor.runWorker(ThreadPoolExecutor.java:1142)
	at java.util.concurrent.ThreadPoolExecutor$Worker.run(ThreadPoolExecutor.java:617)
	at java.lang.Thread.run(Thread.java:745)
Caused by: java.net.ConnectException: Connection refused: connect
	at java.net.DualStackPlainSocketImpl.waitForConnect(Native Method)
	at java.net.DualStackPlainSocketImpl.socketConnect(DualStackPlainSocketImpl.java:85)
	at java.net.AbstractPlainSocketImpl.doConnect(AbstractPlainSocketImpl.java:350)
	at java.net.AbstractPlainSocketImpl.connectToAddress(AbstractPlainSocketImpl.java:206)
	at java.net.AbstractPlainSocketImpl.connect(AbstractPlainSocketImpl.java:188)
	at java.net.PlainSocketImpl.connect(PlainSocketImpl.java:172)
	at java.net.SocksSocketImpl.connect(SocksSocketImpl.java:392)
	at java.net.Socket.connect(Socket.java:589)
	at org.apache.http.conn.scheme.PlainSocketFactory.connectSocket(PlainSocketFactory.java:121)
	at org.apache.http.impl.conn.DefaultClientConnectionOperator.openConnection(DefaultClientConnectionOperator.java:180)
	at org.apache.http.impl.conn.AbstractPoolEntry.open(AbstractPoolEntry.java:144)
	at org.apache.http.impl.conn.AbstractPooledConnAdapter.open(AbstractPooledConnAdapter.java:134)
	at org.apache.http.impl.client.DefaultRequestDirector.tryConnect(DefaultRequestDirector.java:605)
	at org.apache.http.impl.client.DefaultRequestDirector.execute(DefaultRequestDirector.java:440)
	at org.apache.http.impl.client.AbstractHttpClient.doExecute(AbstractHttpClient.java:835)
	at org.apache.http.impl.client.CloseableHttpClient.execute(CloseableHttpClient.java:118)
	at org.apache.http.impl.client.CloseableHttpClient.execute(CloseableHttpClient.java:56)
	at com.sun.jersey.client.apache4.ApacheHttpClient4Handler.handle(ApacheHttpClient4Handler.java:173)
	... 30 common frames omitted
FILE_LOG_PATTERN_IS_UNDEFINEDFILE_LOG_PATTERN_IS_UNDEFINEDcom.netflix.discovery.shared.transport.TransportException: Cannot execute request on any known server
	at com.netflix.discovery.shared.transport.decorator.RetryableEurekaHttpClient.execute(RetryableEurekaHttpClient.java:112)
	at com.netflix.discovery.shared.transport.decorator.EurekaHttpClientDecorator.register(EurekaHttpClientDecorator.java:56)
	at com.netflix.discovery.shared.transport.decorator.EurekaHttpClientDecorator$1.execute(EurekaHttpClientDecorator.java:59)
	at com.netflix.discovery.shared.transport.decorator.SessionedEurekaHttpClient.execute(SessionedEurekaHttpClient.java:77)
	at com.netflix.discovery.shared.transport.decorator.EurekaHttpClientDecorator.register(EurekaHttpClientDecorator.java:56)
	at com.netflix.discovery.DiscoveryClient.register(DiscoveryClient.java:847)
	at com.netflix.discovery.InstanceInfoReplicator.run(InstanceInfoReplicator.java:121)
	at com.netflix.discovery.InstanceInfoReplicator$1.run(InstanceInfoReplicator.java:101)
	at java.util.concurrent.Executors$RunnableAdapter.call(Executors.java:511)
	at java.util.concurrent.FutureTask.run(FutureTask.java:266)
	at java.util.concurrent.ScheduledThreadPoolExecutor$ScheduledFutureTask.access$201(ScheduledThreadPoolExecutor.java:180)
	at java.util.concurrent.ScheduledThreadPoolExecutor$ScheduledFutureTask.run(ScheduledThreadPoolExecutor.java:293)
	at java.util.concurrent.ThreadPoolExecutor.runWorker(ThreadPoolExecutor.java:1142)
	at java.util.concurrent.ThreadPoolExecutor$Worker.run(ThreadPoolExecutor.java:617)
	at java.lang.Thread.run(Thread.java:745)
FILE_LOG_PATTERN_IS_UNDEFINEDcom.netflix.discovery.shared.transport.TransportException: Cannot execute request on any known server
	at com.netflix.discovery.shared.transport.decorator.RetryableEurekaHttpClient.execute(RetryableEurekaHttpClient.java:112)
	at com.netflix.discovery.shared.transport.decorator.EurekaHttpClientDecorator.register(EurekaHttpClientDecorator.java:56)
	at com.netflix.discovery.shared.transport.decorator.EurekaHttpClientDecorator$1.execute(EurekaHttpClientDecorator.java:59)
	at com.netflix.discovery.shared.transport.decorator.SessionedEurekaHttpClient.execute(SessionedEurekaHttpClient.java:77)
	at com.netflix.discovery.shared.transport.decorator.EurekaHttpClientDecorator.register(EurekaHttpClientDecorator.java:56)
	at com.netflix.discovery.DiscoveryClient.register(DiscoveryClient.java:847)
	at com.netflix.discovery.InstanceInfoReplicator.run(InstanceInfoReplicator.java:121)
	at com.netflix.discovery.InstanceInfoReplicator$1.run(InstanceInfoReplicator.java:101)
	at java.util.concurrent.Executors$RunnableAdapter.call(Executors.java:511)
	at java.util.concurrent.FutureTask.run(FutureTask.java:266)
	at java.util.concurrent.ScheduledThreadPoolExecutor$ScheduledFutureTask.access$201(ScheduledThreadPoolExecutor.java:180)
	at java.util.concurrent.ScheduledThreadPoolExecutor$ScheduledFutureTask.run(ScheduledThreadPoolExecutor.java:293)
	at java.util.concurrent.ThreadPoolExecutor.runWorker(ThreadPoolExecutor.java:1142)
	at java.util.concurrent.ThreadPoolExecutor$Worker.run(ThreadPoolExecutor.java:617)
	at java.lang.Thread.run(Thread.java:745)
FILE_LOG_PATTERN_IS_UNDEFINEDFILE_LOG_PATTERN_IS_UNDEFINEDFILE_LOG_PATTERN_IS_UNDEFINEDFILE_LOG_PATTERN_IS_UNDEFINEDFILE_LOG_PATTERN_IS_UNDEFINEDFILE_LOG_PATTERN_IS_UNDEFINEDFILE_LOG_PATTERN_IS_UNDEFINEDFILE_LOG_PATTERN_IS_UNDEFINEDFILE_LOG_PATTERN_IS_UNDEFINEDFILE_LOG_PATTERN_IS_UNDEFINEDFILE_LOG_PATTERN_IS_UNDEFINEDFILE_LOG_PATTERN_IS_UNDEFINEDFILE_LOG_PATTERN_IS_UNDEFINEDFILE_LOG_PATTERN_IS_UNDEFINEDFILE_LOG_PATTERN_IS_UNDEFINEDFILE_LOG_PATTERN_IS_UNDEFINEDFILE_LOG_PATTERN_IS_UNDEFINEDFILE_LOG_PATTERN_IS_UNDEFINEDFILE_LOG_PATTERN_IS_UNDEFINEDcom.sun.jersey.api.client.ClientHandlerException: java.net.ConnectException: Connection refused: connect
	at com.sun.jersey.client.apache4.ApacheHttpClient4Handler.handle(ApacheHttpClient4Handler.java:187)
	at com.sun.jersey.api.client.filter.GZIPContentEncodingFilter.handle(GZIPContentEncodingFilter.java:123)
	at com.netflix.discovery.EurekaIdentityHeaderFilter.handle(EurekaIdentityHeaderFilter.java:27)
	at com.sun.jersey.api.client.Client.handle(Client.java:652)
	at com.sun.jersey.api.client.WebResource.handle(WebResource.java:682)
	at com.sun.jersey.api.client.WebResource.access$200(WebResource.java:74)
	at com.sun.jersey.api.client.WebResource$Builder.delete(WebResource.java:591)
	at com.netflix.discovery.shared.transport.jersey.AbstractJerseyEurekaHttpClient.cancel(AbstractJerseyEurekaHttpClient.java:76)
	at com.netflix.discovery.shared.transport.decorator.EurekaHttpClientDecorator$2.execute(EurekaHttpClientDecorator.java:74)
	at com.netflix.discovery.shared.transport.decorator.MetricsCollectingEurekaHttpClient.execute(MetricsCollectingEurekaHttpClient.java:73)
	at com.netflix.discovery.shared.transport.decorator.EurekaHttpClientDecorator.cancel(EurekaHttpClientDecorator.java:71)
	at com.netflix.discovery.shared.transport.decorator.EurekaHttpClientDecorator$2.execute(EurekaHttpClientDecorator.java:74)
	at com.netflix.discovery.shared.transport.decorator.RedirectingEurekaHttpClient.executeOnNewServer(RedirectingEurekaHttpClient.java:118)
	at com.netflix.discovery.shared.transport.decorator.RedirectingEurekaHttpClient.execute(RedirectingEurekaHttpClient.java:79)
	at com.netflix.discovery.shared.transport.decorator.EurekaHttpClientDecorator.cancel(EurekaHttpClientDecorator.java:71)
	at com.netflix.discovery.shared.transport.decorator.EurekaHttpClientDecorator$2.execute(EurekaHttpClientDecorator.java:74)
	at com.netflix.discovery.shared.transport.decorator.RetryableEurekaHttpClient.execute(RetryableEurekaHttpClient.java:120)
	at com.netflix.discovery.shared.transport.decorator.EurekaHttpClientDecorator.cancel(EurekaHttpClientDecorator.java:71)
	at com.netflix.discovery.shared.transport.decorator.EurekaHttpClientDecorator$2.execute(EurekaHttpClientDecorator.java:74)
	at com.netflix.discovery.shared.transport.decorator.SessionedEurekaHttpClient.execute(SessionedEurekaHttpClient.java:77)
	at com.netflix.discovery.shared.transport.decorator.EurekaHttpClientDecorator.cancel(EurekaHttpClientDecorator.java:71)
	at com.netflix.discovery.DiscoveryClient.unregister(DiscoveryClient.java:941)
	at com.netflix.discovery.DiscoveryClient.shutdown(DiscoveryClient.java:919)
	at sun.reflect.NativeMethodAccessorImpl.invoke0(Native Method)
	at sun.reflect.NativeMethodAccessorImpl.invoke(NativeMethodAccessorImpl.java:62)
	at sun.reflect.DelegatingMethodAccessorImpl.invoke(DelegatingMethodAccessorImpl.java:43)
	at java.lang.reflect.Method.invoke(Method.java:498)
	at org.springframework.beans.factory.annotation.InitDestroyAnnotationBeanPostProcessor$LifecycleElement.invoke(InitDestroyAnnotationBeanPostProcessor.java:363)
	at org.springframework.beans.factory.annotation.InitDestroyAnnotationBeanPostProcessor$LifecycleMetadata.invokeDestroyMethods(InitDestroyAnnotationBeanPostProcessor.java:321)
	at org.springframework.beans.factory.annotation.InitDestroyAnnotationBeanPostProcessor.postProcessBeforeDestruction(InitDestroyAnnotationBeanPostProcessor.java:156)
	at org.springframework.beans.factory.support.DisposableBeanAdapter.destroy(DisposableBeanAdapter.java:242)
	at org.springframework.beans.factory.support.DisposableBeanAdapter.run(DisposableBeanAdapter.java:235)
	at org.springframework.cloud.context.scope.GenericScope$BeanLifecycleWrapper.destroy(GenericScope.java:403)
	at org.springframework.cloud.context.scope.GenericScope.destroy(GenericScope.java:142)
	at org.springframework.beans.factory.support.DisposableBeanAdapter.destroy(DisposableBeanAdapter.java:258)
	at org.springframework.beans.factory.support.DefaultSingletonBeanRegistry.destroyBean(DefaultSingletonBeanRegistry.java:571)
	at org.springframework.beans.factory.support.DefaultSingletonBeanRegistry.destroySingleton(DefaultSingletonBeanRegistry.java:543)
	at org.springframework.beans.factory.support.DefaultListableBeanFactory.destroySingleton(DefaultListableBeanFactory.java:1036)
	at org.springframework.beans.factory.support.DefaultSingletonBeanRegistry.destroySingletons(DefaultSingletonBeanRegistry.java:504)
	at org.springframework.beans.factory.support.DefaultListableBeanFactory.destroySingletons(DefaultListableBeanFactory.java:1029)
	at org.springframework.context.support.AbstractApplicationContext.destroyBeans(AbstractApplicationContext.java:1057)
	at org.springframework.context.support.AbstractApplicationContext.doClose(AbstractApplicationContext.java:1026)
	at org.springframework.context.support.AbstractApplicationContext$1.run(AbstractApplicationContext.java:945)
Caused by: java.net.ConnectException: Connection refused: connect
	at java.net.DualStackPlainSocketImpl.waitForConnect(Native Method)
	at java.net.DualStackPlainSocketImpl.socketConnect(DualStackPlainSocketImpl.java:85)
	at java.net.AbstractPlainSocketImpl.doConnect(AbstractPlainSocketImpl.java:350)
	at java.net.AbstractPlainSocketImpl.connectToAddress(AbstractPlainSocketImpl.java:206)
	at java.net.AbstractPlainSocketImpl.connect(AbstractPlainSocketImpl.java:188)
	at java.net.PlainSocketImpl.connect(PlainSocketImpl.java:172)
	at java.net.SocksSocketImpl.connect(SocksSocketImpl.java:392)
	at java.net.Socket.connect(Socket.java:589)
	at org.apache.http.conn.scheme.PlainSocketFactory.connectSocket(PlainSocketFactory.java:121)
	at org.apache.http.impl.conn.DefaultClientConnectionOperator.openConnection(DefaultClientConnectionOperator.java:180)
	at org.apache.http.impl.conn.AbstractPoolEntry.open(AbstractPoolEntry.java:144)
	at org.apache.http.impl.conn.AbstractPooledConnAdapter.open(AbstractPooledConnAdapter.java:134)
	at org.apache.http.impl.client.DefaultRequestDirector.tryConnect(DefaultRequestDirector.java:605)
	at org.apache.http.impl.client.DefaultRequestDirector.execute(DefaultRequestDirector.java:440)
	at org.apache.http.impl.client.AbstractHttpClient.doExecute(AbstractHttpClient.java:835)
	at org.apache.http.impl.client.CloseableHttpClient.execute(CloseableHttpClient.java:118)
	at org.apache.http.impl.client.CloseableHttpClient.execute(CloseableHttpClient.java:56)
	at com.sun.jersey.client.apache4.ApacheHttpClient4Handler.handle(ApacheHttpClient4Handler.java:173)
	... 42 common frames omitted
FILE_LOG_PATTERN_IS_UNDEFINEDFILE_LOG_PATTERN_IS_UNDEFINEDcom.netflix.discovery.shared.transport.TransportException: Cannot execute request on any known server
	at com.netflix.discovery.shared.transport.decorator.RetryableEurekaHttpClient.execute(RetryableEurekaHttpClient.java:112)
	at com.netflix.discovery.shared.transport.decorator.EurekaHttpClientDecorator.cancel(EurekaHttpClientDecorator.java:71)
	at com.netflix.discovery.shared.transport.decorator.EurekaHttpClientDecorator$2.execute(EurekaHttpClientDecorator.java:74)
	at com.netflix.discovery.shared.transport.decorator.SessionedEurekaHttpClient.execute(SessionedEurekaHttpClient.java:77)
	at com.netflix.discovery.shared.transport.decorator.EurekaHttpClientDecorator.cancel(EurekaHttpClientDecorator.java:71)
	at com.netflix.discovery.DiscoveryClient.unregister(DiscoveryClient.java:941)
	at com.netflix.discovery.DiscoveryClient.shutdown(DiscoveryClient.java:919)
	at sun.reflect.NativeMethodAccessorImpl.invoke0(Native Method)
	at sun.reflect.NativeMethodAccessorImpl.invoke(NativeMethodAccessorImpl.java:62)
	at sun.reflect.DelegatingMethodAccessorImpl.invoke(DelegatingMethodAccessorImpl.java:43)
	at java.lang.reflect.Method.invoke(Method.java:498)
	at org.springframework.beans.factory.annotation.InitDestroyAnnotationBeanPostProcessor$LifecycleElement.invoke(InitDestroyAnnotationBeanPostProcessor.java:363)
	at org.springframework.beans.factory.annotation.InitDestroyAnnotationBeanPostProcessor$LifecycleMetadata.invokeDestroyMethods(InitDestroyAnnotationBeanPostProcessor.java:321)
	at org.springframework.beans.factory.annotation.InitDestroyAnnotationBeanPostProcessor.postProcessBeforeDestruction(InitDestroyAnnotationBeanPostProcessor.java:156)
	at org.springframework.beans.factory.support.DisposableBeanAdapter.destroy(DisposableBeanAdapter.java:242)
	at org.springframework.beans.factory.support.DisposableBeanAdapter.run(DisposableBeanAdapter.java:235)
	at org.springframework.cloud.context.scope.GenericScope$BeanLifecycleWrapper.destroy(GenericScope.java:403)
	at org.springframework.cloud.context.scope.GenericScope.destroy(GenericScope.java:142)
	at org.springframework.beans.factory.support.DisposableBeanAdapter.destroy(DisposableBeanAdapter.java:258)
	at org.springframework.beans.factory.support.DefaultSingletonBeanRegistry.destroyBean(DefaultSingletonBeanRegistry.java:571)
	at org.springframework.beans.factory.support.DefaultSingletonBeanRegistry.destroySingleton(DefaultSingletonBeanRegistry.java:543)
	at org.springframework.beans.factory.support.DefaultListableBeanFactory.destroySingleton(DefaultListableBeanFactory.java:1036)
	at org.springframework.beans.factory.support.DefaultSingletonBeanRegistry.destroySingletons(DefaultSingletonBeanRegistry.java:504)
	at org.springframework.beans.factory.support.DefaultListableBeanFactory.destroySingletons(DefaultListableBeanFactory.java:1029)
	at org.springframework.context.support.AbstractApplicationContext.destroyBeans(AbstractApplicationContext.java:1057)
	at org.springframework.context.support.AbstractApplicationContext.doClose(AbstractApplicationContext.java:1026)
	at org.springframework.context.support.AbstractApplicationContext$1.run(AbstractApplicationContext.java:945)
FILE_LOG_PATTERN_IS_UNDEFINEDFILE_LOG_PATTERN_IS_UNDEFINEDFILE_LOG_PATTERN_IS_UNDEFINEDFILE_LOG_PATTERN_IS_UNDEFINEDFILE_LOG_PATTERN_IS_UNDEFINEDFILE_LOG_PATTERN_IS_UNDEFINEDFILE_LOG_PATTERN_IS_UNDEFINEDFILE_LOG_PATTERN_IS_UNDEFINEDFILE_LOG_PATTERN_IS_UNDEFINEDFILE_LOG_PATTERN_IS_UNDEFINEDFILE_LOG_PATTERN_IS_UNDEFINEDFILE_LOG_PATTERN_IS_UNDEFINEDFILE_LOG_PATTERN_IS_UNDEFINEDFILE_LOG_PATTERN_IS_UNDEFINEDFILE_LOG_PATTERN_IS_UNDEFINEDFILE_LOG_PATTERN_IS_UNDEFINEDFILE_LOG_PATTERN_IS_UNDEFINEDFILE_LOG_PATTERN_IS_UNDEFINEDFILE_LOG_PATTERN_IS_UNDEFINEDFILE_LOG_PATTERN_IS_UNDEFINEDFILE_LOG_PATTERN_IS_UNDEFINEDFILE_LOG_PATTERN_IS_UNDEFINEDFILE_LOG_PATTERN_IS_UNDEFINEDFILE_LOG_PATTERN_IS_UNDEFINEDFILE_LOG_PATTERN_IS_UNDEFINEDFILE_LOG_PATTERN_IS_UNDEFINEDFILE_LOG_PATTERN_IS_UNDEFINEDFILE_LOG_PATTERN_IS_UNDEFINEDFILE_LOG_PATTERN_IS_UNDEFINEDFILE_LOG_PATTERN_IS_UNDEFINEDFILE_LOG_PATTERN_IS_UNDEFINEDFILE_LOG_PATTERN_IS_UNDEFINEDFILE_LOG_PATTERN_IS_UNDEFINEDFILE_LOG_PATTERN_IS_UNDEFINEDFILE_LOG_PATTERN_IS_UNDEFINEDFILE_LOG_PATTERN_IS_UNDEFINEDFILE_LOG_PATTERN_IS_UNDEFINEDFILE_LOG_PATTERN_IS_UNDEFINEDFILE_LOG_PATTERN_IS_UNDEFINEDFILE_LOG_PATTERN_IS_UNDEFINEDFILE_LOG_PATTERN_IS_UNDEFINEDFILE_LOG_PATTERN_IS_UNDEFINEDFILE_LOG_PATTERN_IS_UNDEFINEDFILE_LOG_PATTERN_IS_UNDEFINEDFILE_LOG_PATTERN_IS_UNDEFINEDFILE_LOG_PATTERN_IS_UNDEFINEDFILE_LOG_PATTERN_IS_UNDEFINEDFILE_LOG_PATTERN_IS_UNDEFINEDFILE_LOG_PATTERN_IS_UNDEFINEDFILE_LOG_PATTERN_IS_UNDEFINEDFILE_LOG_PATTERN_IS_UNDEFINEDFILE_LOG_PATTERN_IS_UNDEFINEDFILE_LOG_PATTERN_IS_UNDEFINEDFILE_LOG_PATTERN_IS_UNDEFINEDFILE_LOG_PATTERN_IS_UNDEFINEDFILE_LOG_PATTERN_IS_UNDEFINEDFILE_LOG_PATTERN_IS_UNDEFINEDFILE_LOG_PATTERN_IS_UNDEFINEDFILE_LOG_PATTERN_IS_UNDEFINEDFILE_LOG_PATTERN_IS_UNDEFINEDFILE_LOG_PATTERN_IS_UNDEFINEDFILE_LOG_PATTERN_IS_UNDEFINEDFILE_LOG_PATTERN_IS_UNDEFINEDFILE_LOG_PATTERN_IS_UNDEFINEDFILE_LOG_PATTERN_IS_UNDEFINEDFILE_LOG_PATTERN_IS_UNDEFINEDFILE_LOG_PATTERN_IS_UNDEFINEDFILE_LOG_PATTERN_IS_UNDEFINEDFILE_LOG_PATTERN_IS_UNDEFINEDFILE_LOG_PATTERN_IS_UNDEFINEDFILE_LOG_PATTERN_IS_UNDEFINEDFILE_LOG_PATTERN_IS_UNDEFINEDFILE_LOG_PATTERN_IS_UNDEFINEDFILE_LOG_PATTERN_IS_UNDEFINEDFILE_LOG_PATTERN_IS_UNDEFINEDFILE_LOG_PATTERN_IS_UNDEFINEDFILE_LOG_PATTERN_IS_UNDEFINEDFILE_LOG_PATTERN_IS_UNDEFINEDFILE_LOG_PATTERN_IS_UNDEFINEDFILE_LOG_PATTERN_IS_UNDEFINEDFILE_LOG_PATTERN_IS_UNDEFINEDFILE_LOG_PATTERN_IS_UNDEFINEDFILE_LOG_PATTERN_IS_UNDEFINEDFILE_LOG_PATTERN_IS_UNDEFINEDFILE_LOG_PATTERN_IS_UNDEFINEDFILE_LOG_PATTERN_IS_UNDEFINEDFILE_LOG_PATTERN_IS_UNDEFINEDFILE_LOG_PATTERN_IS_UNDEFINEDFILE_LOG_PATTERN_IS_UNDEFINEDFILE_LOG_PATTERN_IS_UNDEFINEDFILE_LOG_PATTERN_IS_UNDEFINEDFILE_LOG_PATTERN_IS_UNDEFINEDFILE_LOG_PATTERN_IS_UNDEFINEDFILE_LOG_PATTERN_IS_UNDEFINEDFILE_LOG_PATTERN_IS_UNDEFINEDFILE_LOG_PATTERN_IS_UNDEFINEDFILE_LOG_PATTERN_IS_UNDEFINEDFILE_LOG_PATTERN_IS_UNDEFINEDFILE_LOG_PATTERN_IS_UNDEFINEDFILE_LOG_PATTERN_IS_UNDEFINEDFILE_LOG_PATTERN_IS_UNDEFINEDFILE_LOG_PATTERN_IS_UNDEFINEDFILE_LOG_PATTERN_IS_UNDEFINEDFILE_LOG_PATTERN_IS_UNDEFINEDFILE_LOG_PATTERN_IS_UNDEFINEDFILE_LOG_PATTERN_IS_UNDEFINEDFILE_LOG_PATTERN_IS_UNDEFINEDFILE_LOG_PATTERN_IS_UNDEFINEDFILE_LOG_PATTERN_IS_UNDEFINEDFILE_LOG_PATTERN_IS_UNDEFINEDFILE_LOG_PATTERN_IS_UNDEFINEDFILE_LOG_PATTERN_IS_UNDEFINEDFILE_LOG_PATTERN_IS_UNDEFINEDFILE_LOG_PATTERN_IS_UNDEFINEDFILE_LOG_PATTERN_IS_UNDEFINEDFILE_LOG_PATTERN_IS_UNDEFINEDFILE_LOG_PATTERN_IS_UNDEFINEDFILE_LOG_PATTERN_IS_UNDEFINEDFILE_LOG_PATTERN_IS_UNDEFINEDFILE_LOG_PATTERN_IS_UNDEFINEDFILE_LOG_PATTERN_IS_UNDEFINEDFILE_LOG_PATTERN_IS_UNDEFINEDFILE_LOG_PATTERN_IS_UNDEFINEDFILE_LOG_PATTERN_IS_UNDEFINEDFILE_LOG_PATTERN_IS_UNDEFINEDFILE_LOG_PATTERN_IS_UNDEFINEDFILE_LOG_PATTERN_IS_UNDEFINEDFILE_LOG_PATTERN_IS_UNDEFINEDFILE_LOG_PATTERN_IS_UNDEFINEDFILE_LOG_PATTERN_IS_UNDEFINEDFILE_LOG_PATTERN_IS_UNDEFINEDFILE_LOG_PATTERN_IS_UNDEFINEDFILE_LOG_PATTERN_IS_UNDEFINEDFILE_LOG_PATTERN_IS_UNDEFINEDFILE_LOG_PATTERN_IS_UNDEFINEDFILE_LOG_PATTERN_IS_UNDEFINEDFILE_LOG_PATTERN_IS_UNDEFINEDFILE_LOG_PATTERN_IS_UNDEFINEDFILE_LOG_PATTERN_IS_UNDEFINEDFILE_LOG_PATTERN_IS_UNDEFINEDFILE_LOG_PATTERN_IS_UNDEFINEDFILE_LOG_PATTERN_IS_UNDEFINEDFILE_LOG_PATTERN_IS_UNDEFINEDFILE_LOG_PATTERN_IS_UNDEFINEDFILE_LOG_PATTERN_IS_UNDEFINEDFILE_LOG_PATTERN_IS_UNDEFINEDFILE_LOG_PATTERN_IS_UNDEFINEDFILE_LOG_PATTERN_IS_UNDEFINEDFILE_LOG_PATTERN_IS_UNDEFINEDFILE_LOG_PATTERN_IS_UNDEFINEDFILE_LOG_PATTERN_IS_UNDEFINEDFILE_LOG_PATTERN_IS_UNDEFINEDFILE_LOG_PATTERN_IS_UNDEFINEDFILE_LOG_PATTERN_IS_UNDEFINEDFILE_LOG_PATTERN_IS_UNDEFINEDFILE_LOG_PATTERN_IS_UNDEFINEDFILE_LOG_PATTERN_IS_UNDEFINEDFILE_LOG_PATTERN_IS_UNDEFINEDFILE_LOG_PATTERN_IS_UNDEFINEDFILE_LOG_PATTERN_IS_UNDEFINEDFILE_LOG_PATTERN_IS_UNDEFINEDFILE_LOG_PATTERN_IS_UNDEFINEDFILE_LOG_PATTERN_IS_UNDEFINEDFILE_LOG_PATTERN_IS_UNDEFINEDFILE_LOG_PATTERN_IS_UNDEFINEDFILE_LOG_PATTERN_IS_UNDEFINEDFILE_LOG_PATTERN_IS_UNDEFINEDFILE_LOG_PATTERN_IS_UNDEFINEDFILE_LOG_PATTERN_IS_UNDEFINEDFILE_LOG_PATTERN_IS_UNDEFINEDFILE_LOG_PATTERN_IS_UNDEFINEDFILE_LOG_PATTERN_IS_UNDEFINEDFILE_LOG_PATTERN_IS_UNDEFINEDFILE_LOG_PATTERN_IS_UNDEFINEDFILE_LOG_PATTERN_IS_UNDEFINEDFILE_LOG_PATTERN_IS_UNDEFINEDFILE_LOG_PATTERN_IS_UNDEFINEDFILE_LOG_PATTERN_IS_UNDEFINEDFILE_LOG_PATTERN_IS_UNDEFINEDFILE_LOG_PATTERN_IS_UNDEFINEDFILE_LOG_PATTERN_IS_UNDEFINEDFILE_LOG_PATTERN_IS_UNDEFINEDFILE_LOG_PATTERN_IS_UNDEFINEDFILE_LOG_PATTERN_IS_UNDEFINEDFILE_LOG_PATTERN_IS_UNDEFINEDFILE_LOG_PATTERN_IS_UNDEFINEDFILE_LOG_PATTERN_IS_UNDEFINEDFILE_LOG_PATTERN_IS_UNDEFINEDFILE_LOG_PATTERN_IS_UNDEFINEDFILE_LOG_PATTERN_IS_UNDEFINEDFILE_LOG_PATTERN_IS_UNDEFINEDFILE_LOG_PATTERN_IS_UNDEFINEDFILE_LOG_PATTERN_IS_UNDEFINEDFILE_LOG_PATTERN_IS_UNDEFINEDFILE_LOG_PATTERN_IS_UNDEFINEDFILE_LOG_PATTERN_IS_UNDEFINEDFILE_LOG_PATTERN_IS_UNDEFINEDFILE_LOG_PATTERN_IS_UNDEFINEDFILE_LOG_PATTERN_IS_UNDEFINEDFILE_LOG_PATTERN_IS_UNDEFINEDFILE_LOG_PATTERN_IS_UNDEFINEDFILE_LOG_PATTERN_IS_UNDEFINEDFILE_LOG_PATTERN_IS_UNDEFINEDFILE_LOG_PATTERN_IS_UNDEFINEDFILE_LOG_PATTERN_IS_UNDEFINEDFILE_LOG_PATTERN_IS_UNDEFINEDFILE_LOG_PATTERN_IS_UNDEFINEDFILE_LOG_PATTERN_IS_UNDEFINEDFILE_LOG_PATTERN_IS_UNDEFINEDFILE_LOG_PATTERN_IS_UNDEFINEDFILE_LOG_PATTERN_IS_UNDEFINEDFILE_LOG_PATTERN_IS_UNDEFINEDFILE_LOG_PATTERN_IS_UNDEFINEDFILE_LOG_PATTERN_IS_UNDEFINEDFILE_LOG_PATTERN_IS_UNDEFINEDFILE_LOG_PATTERN_IS_UNDEFINEDFILE_LOG_PATTERN_IS_UNDEFINEDFILE_LOG_PATTERN_IS_UNDEFINEDFILE_LOG_PATTERN_IS_UNDEFINEDFILE_LOG_PATTERN_IS_UNDEFINEDFILE_LOG_PATTERN_IS_UNDEFINEDFILE_LOG_PATTERN_IS_UNDEFINEDFILE_LOG_PATTERN_IS_UNDEFINEDFILE_LOG_PATTERN_IS_UNDEFINEDFILE_LOG_PATTERN_IS_UNDEFINEDFILE_LOG_PATTERN_IS_UNDEFINEDFILE_LOG_PATTERN_IS_UNDEFINEDFILE_LOG_PATTERN_IS_UNDEFINEDFILE_LOG_PATTERN_IS_UNDEFINEDFILE_LOG_PATTERN_IS_UNDEFINEDFILE_LOG_PATTERN_IS_UNDEFINEDFILE_LOG_PATTERN_IS_UNDEFINEDFILE_LOG_PATTERN_IS_UNDEFINEDFILE_LOG_PATTERN_IS_UNDEFINEDFILE_LOG_PATTERN_IS_UNDEFINEDFILE_LOG_PATTERN_IS_UNDEFINEDFILE_LOG_PATTERN_IS_UNDEFINEDFILE_LOG_PATTERN_IS_UNDEFINEDFILE_LOG_PATTERN_IS_UNDEFINEDFILE_LOG_PATTERN_IS_UNDEFINEDFILE_LOG_PATTERN_IS_UNDEFINEDFILE_LOG_PATTERN_IS_UNDEFINEDFILE_LOG_PATTERN_IS_UNDEFINEDFILE_LOG_PATTERN_IS_UNDEFINEDFILE_LOG_PATTERN_IS_UNDEFINEDFILE_LOG_PATTERN_IS_UNDEFINEDFILE_LOG_PATTERN_IS_UNDEFINEDFILE_LOG_PATTERN_IS_UNDEFINEDFILE_LOG_PATTERN_IS_UNDEFINEDFILE_LOG_PATTERN_IS_UNDEFINEDFILE_LOG_PATTERN_IS_UNDEFINEDFILE_LOG_PATTERN_IS_UNDEFINEDFILE_LOG_PATTERN_IS_UNDEFINEDFILE_LOG_PATTERN_IS_UNDEFINEDFILE_LOG_PATTERN_IS_UNDEFINEDFILE_LOG_PATTERN_IS_UNDEFINEDFILE_LOG_PATTERN_IS_UNDEFINEDFILE_LOG_PATTERN_IS_UNDEFINEDFILE_LOG_PATTERN_IS_UNDEFINEDFILE_LOG_PATTERN_IS_UNDEFINEDFILE_LOG_PATTERN_IS_UNDEFINEDFILE_LOG_PATTERN_IS_UNDEFINEDFILE_LOG_PATTERN_IS_UNDEFINEDFILE_LOG_PATTERN_IS_UNDEFINEDFILE_LOG_PATTERN_IS_UNDEFINEDFILE_LOG_PATTERN_IS_UNDEFINEDFILE_LOG_PATTERN_IS_UNDEFINEDFILE_LOG_PATTERN_IS_UNDEFINEDFILE_LOG_PATTERN_IS_UNDEFINEDFILE_LOG_PATTERN_IS_UNDEFINEDFILE_LOG_PATTERN_IS_UNDEFINEDFILE_LOG_PATTERN_IS_UNDEFINEDFILE_LOG_PATTERN_IS_UNDEFINEDFILE_LOG_PATTERN_IS_UNDEFINEDFILE_LOG_PATTERN_IS_UNDEFINEDFILE_LOG_PATTERN_IS_UNDEFINEDFILE_LOG_PATTERN_IS_UNDEFINEDFILE_LOG_PATTERN_IS_UNDEFINEDFILE_LOG_PATTERN_IS_UNDEFINEDFILE_LOG_PATTERN_IS_UNDEFINEDFILE_LOG_PATTERN_IS_UNDEFINEDFILE_LOG_PATTERN_IS_UNDEFINEDFILE_LOG_PATTERN_IS_UNDEFINEDFILE_LOG_PATTERN_IS_UNDEFINEDFILE_LOG_PATTERN_IS_UNDEFINEDFILE_LOG_PATTERN_IS_UNDEFINEDFILE_LOG_PATTERN_IS_UNDEFINEDFILE_LOG_PATTERN_IS_UNDEFINEDFILE_LOG_PATTERN_IS_UNDEFINEDFILE_LOG_PATTERN_IS_UNDEFINEDFILE_LOG_PATTERN_IS_UNDEFINEDFILE_LOG_PATTERN_IS_UNDEFINEDFILE_LOG_PATTERN_IS_UNDEFINEDFILE_LOG_PATTERN_IS_UNDEFINEDFILE_LOG_PATTERN_IS_UNDEFINEDFILE_LOG_PATTERN_IS_UNDEFINEDFILE_LOG_PATTERN_IS_UNDEFINEDFILE_LOG_PATTERN_IS_UNDEFINEDFILE_LOG_PATTERN_IS_UNDEFINEDFILE_LOG_PATTERN_IS_UNDEFINEDFILE_LOG_PATTERN_IS_UNDEFINEDFILE_LOG_PATTERN_IS_UNDEFINEDFILE_LOG_PATTERN_IS_UNDEFINEDFILE_LOG_PATTERN_IS_UNDEFINEDFILE_LOG_PATTERN_IS_UNDEFINEDFILE_LOG_PATTERN_IS_UNDEFINEDFILE_LOG_PATTERN_IS_UNDEFINEDFILE_LOG_PATTERN_IS_UNDEFINEDFILE_LOG_PATTERN_IS_UNDEFINEDFILE_LOG_PATTERN_IS_UNDEFINEDFILE_LOG_PATTERN_IS_UNDEFINEDFILE_LOG_PATTERN_IS_UNDEFINEDFILE_LOG_PATTERN_IS_UNDEFINEDFILE_LOG_PATTERN_IS_UNDEFINEDFILE_LOG_PATTERN_IS_UNDEFINEDFILE_LOG_PATTERN_IS_UNDEFINEDFILE_LOG_PATTERN_IS_UNDEFINEDFILE_LOG_PATTERN_IS_UNDEFINEDFILE_LOG_PATTERN_IS_UNDEFINEDFILE_LOG_PATTERN_IS_UNDEFINEDFILE_LOG_PATTERN_IS_UNDEFINEDFILE_LOG_PATTERN_IS_UNDEFINEDFILE_LOG_PATTERN_IS_UNDEFINEDFILE_LOG_PATTERN_IS_UNDEFINEDFILE_LOG_PATTERN_IS_UNDEFINEDFILE_LOG_PATTERN_IS_UNDEFINEDFILE_LOG_PATTERN_IS_UNDEFINEDFILE_LOG_PATTERN_IS_UNDEFINEDFILE_LOG_PATTERN_IS_UNDEFINEDFILE_LOG_PATTERN_IS_UNDEFINEDFILE_LOG_PATTERN_IS_UNDEFINEDFILE_LOG_PATTERN_IS_UNDEFINEDFILE_LOG_PATTERN_IS_UNDEFINEDFILE_LOG_PATTERN_IS_UNDEFINEDFILE_LOG_PATTERN_IS_UNDEFINEDFILE_LOG_PATTERN_IS_UNDEFINEDFILE_LOG_PATTERN_IS_UNDEFINEDFILE_LOG_PATTERN_IS_UNDEFINEDFILE_LOG_PATTERN_IS_UNDEFINEDFILE_LOG_PATTERN_IS_UNDEFINEDFILE_LOG_PATTERN_IS_UNDEFINEDFILE_LOG_PATTERN_IS_UNDEFINEDFILE_LOG_PATTERN_IS_UNDEFINEDFILE_LOG_PATTERN_IS_UNDEFINEDFILE_LOG_PATTERN_IS_UNDEFINEDFILE_LOG_PATTERN_IS_UNDEFINEDFILE_LOG_PATTERN_IS_UNDEFINEDFILE_LOG_PATTERN_IS_UNDEFINEDFILE_LOG_PATTERN_IS_UNDEFINEDFILE_LOG_PATTERN_IS_UNDEFINEDFILE_LOG_PATTERN_IS_UNDEFINEDFILE_LOG_PATTERN_IS_UNDEFINEDFILE_LOG_PATTERN_IS_UNDEFINED